{"/home/rafreid/AFLUXSYS/products/GSDv/src/main/graph-builder.js": {"path":"/home/rafreid/AFLUXSYS/products/GSDv/src/main/graph-builder.js","statementMap":{"0":{"start":{"line":12,"column":16},"end":{"line":12,"column":18}},"1":{"start":{"line":13,"column":16},"end":{"line":13,"column":18}},"2":{"start":{"line":14,"column":18},"end":{"line":14,"column":27}},"3":{"start":{"line":18,"column":4},"end":{"line":21,"column":5}},"4":{"start":{"line":19,"column":6},"end":{"line":19,"column":33}},"5":{"start":{"line":20,"column":6},"end":{"line":20,"column":23}},"6":{"start":{"line":22,"column":4},"end":{"line":22,"column":32}},"7":{"start":{"line":27,"column":4},"end":{"line":27,"column":41}},"8":{"start":{"line":31,"column":22},"end":{"line":35,"column":4}},"9":{"start":{"line":38,"column":22},"end":{"line":38,"column":33}},"10":{"start":{"line":39,"column":2},"end":{"line":69,"column":3}},"11":{"start":{"line":40,"column":4},"end":{"line":68,"column":5}},"12":{"start":{"line":41,"column":24},"end":{"line":47,"column":8}},"13":{"start":{"line":50,"column":6},"end":{"line":50,"column":56}},"14":{"start":{"line":53,"column":6},"end":{"line":67,"column":7}},"15":{"start":{"line":54,"column":8},"end":{"line":66,"column":9}},"16":{"start":{"line":55,"column":27},"end":{"line":62,"column":12}},"17":{"start":{"line":65,"column":10},"end":{"line":65,"column":57}},"18":{"start":{"line":72,"column":27},"end":{"line":72,"column":38}},"19":{"start":{"line":73,"column":2},"end":{"line":93,"column":3}},"20":{"start":{"line":74,"column":4},"end":{"line":92,"column":5}},"21":{"start":{"line":75,"column":22},"end":{"line":82,"column":8}},"22":{"start":{"line":85,"column":6},"end":{"line":91,"column":7}},"23":{"start":{"line":86,"column":25},"end":{"line":86,"column":60}},"24":{"start":{"line":87,"column":24},"end":{"line":87,"column":43}},"25":{"start":{"line":88,"column":8},"end":{"line":90,"column":9}},"26":{"start":{"line":89,"column":10},"end":{"line":89,"column":50}},"27":{"start":{"line":96,"column":24},"end":{"line":96,"column":35}},"28":{"start":{"line":97,"column":2},"end":{"line":121,"column":3}},"29":{"start":{"line":99,"column":4},"end":{"line":110,"column":5}},"30":{"start":{"line":101,"column":23},"end":{"line":101,"column":74}},"31":{"start":{"line":102,"column":6},"end":{"line":109,"column":9}},"32":{"start":{"line":113,"column":4},"end":{"line":115,"column":5}},"33":{"start":{"line":114,"column":6},"end":{"line":114,"column":52}},"34":{"start":{"line":118,"column":4},"end":{"line":120,"column":5}},"35":{"start":{"line":119,"column":6},"end":{"line":119,"column":58}},"36":{"start":{"line":123,"column":2},"end":{"line":123,"column":26}},"37":{"start":{"line":126,"column":0},"end":{"line":126,"column":32}}},"fnMap":{"0":{"name":"buildGraph","decl":{"start":{"line":11,"column":9},"end":{"line":11,"column":19}},"loc":{"start":{"line":11,"column":33},"end":{"line":124,"column":1}},"line":11},"1":{"name":"addNode","decl":{"start":{"line":17,"column":11},"end":{"line":17,"column":18}},"loc":{"start":{"line":17,"column":25},"end":{"line":23,"column":3}},"line":17},"2":{"name":"addLink","decl":{"start":{"line":26,"column":11},"end":{"line":26,"column":18}},"loc":{"start":{"line":26,"column":53},"end":{"line":28,"column":3}},"line":26}},"branchMap":{"0":{"loc":{"start":{"line":18,"column":4},"end":{"line":21,"column":5}},"type":"if","locations":[{"start":{"line":18,"column":4},"end":{"line":21,"column":5}},{"start":{},"end":{}}],"line":18},"1":{"loc":{"start":{"line":26,"column":35},"end":{"line":26,"column":51}},"type":"default-arg","locations":[{"start":{"line":26,"column":42},"end":{"line":26,"column":51}}],"line":26},"2":{"loc":{"start":{"line":39,"column":2},"end":{"line":69,"column":3}},"type":"if","locations":[{"start":{"line":39,"column":2},"end":{"line":69,"column":3}},{"start":{},"end":{}}],"line":39},"3":{"loc":{"start":{"line":39,"column":6},"end":{"line":39,"column":31}},"type":"binary-expr","locations":[{"start":{"line":39,"column":6},"end":{"line":39,"column":13}},{"start":{"line":39,"column":17},"end":{"line":39,"column":31}}],"line":39},"4":{"loc":{"start":{"line":53,"column":6},"end":{"line":67,"column":7}},"type":"if","locations":[{"start":{"line":53,"column":6},"end":{"line":67,"column":7}},{"start":{},"end":{}}],"line":53},"5":{"loc":{"start":{"line":73,"column":2},"end":{"line":93,"column":3}},"type":"if","locations":[{"start":{"line":73,"column":2},"end":{"line":93,"column":3}},{"start":{},"end":{}}],"line":73},"6":{"loc":{"start":{"line":73,"column":6},"end":{"line":73,"column":47}},"type":"binary-expr","locations":[{"start":{"line":73,"column":6},"end":{"line":73,"column":18}},{"start":{"line":73,"column":22},"end":{"line":73,"column":47}}],"line":73},"7":{"loc":{"start":{"line":85,"column":6},"end":{"line":91,"column":7}},"type":"if","locations":[{"start":{"line":85,"column":6},"end":{"line":91,"column":7}},{"start":{},"end":{}}],"line":85},"8":{"loc":{"start":{"line":85,"column":10},"end":{"line":85,"column":74}},"type":"binary-expr","locations":[{"start":{"line":85,"column":10},"end":{"line":85,"column":35}},{"start":{"line":85,"column":39},"end":{"line":85,"column":74}}],"line":85},"9":{"loc":{"start":{"line":88,"column":8},"end":{"line":90,"column":9}},"type":"if","locations":[{"start":{"line":88,"column":8},"end":{"line":90,"column":9}},{"start":{},"end":{}}],"line":88},"10":{"loc":{"start":{"line":97,"column":2},"end":{"line":121,"column":3}},"type":"if","locations":[{"start":{"line":97,"column":2},"end":{"line":121,"column":3}},{"start":{},"end":{}}],"line":97},"11":{"loc":{"start":{"line":97,"column":6},"end":{"line":97,"column":34}},"type":"binary-expr","locations":[{"start":{"line":97,"column":6},"end":{"line":97,"column":15}},{"start":{"line":97,"column":19},"end":{"line":97,"column":34}}],"line":97},"12":{"loc":{"start":{"line":101,"column":23},"end":{"line":101,"column":74}},"type":"cond-expr","locations":[{"start":{"line":101,"column":54},"end":{"line":101,"column":65}},{"start":{"line":101,"column":68},"end":{"line":101,"column":74}}],"line":101},"13":{"loc":{"start":{"line":118,"column":4},"end":{"line":120,"column":5}},"type":"if","locations":[{"start":{"line":118,"column":4},"end":{"line":120,"column":5}},{"start":{},"end":{}}],"line":118}},"s":{"0":16,"1":16,"2":16,"3":40,"4":40,"5":40,"6":40,"7":21,"8":16,"9":16,"10":16,"11":15,"12":9,"13":9,"14":9,"15":9,"16":3,"17":3,"18":16,"19":16,"20":15,"21":6,"22":6,"23":4,"24":4,"25":4,"26":3,"27":16,"28":16,"29":15,"30":6,"31":6,"32":15,"33":2,"34":15,"35":4,"36":16,"37":1},"f":{"0":16,"1":40,"2":21},"b":{"0":[40,0],"1":[0],"2":[15,1],"3":[16,15],"4":[9,0],"5":[15,1],"6":[16,15],"7":[4,2],"8":[6,6],"9":[3,1],"10":[15,1],"11":[16,15],"12":[4,2],"13":[4,11]},"_coverageSchema":"1a1c01bbd47fc00a2c39e90264f33305004495a9","hash":"e8d9ea0f0b4ca1f840444565465bb1e80d6d07ea"}
,"/home/rafreid/AFLUXSYS/products/GSDv/src/main/main.js": {"path":"/home/rafreid/AFLUXSYS/products/GSDv/src/main/main.js","statementMap":{"0":{"start":{"line":1,"column":55},"end":{"line":1,"column":74}},"1":{"start":{"line":2,"column":13},"end":{"line":2,"column":28}},"2":{"start":{"line":3,"column":11},"end":{"line":3,"column":24}},"3":{"start":{"line":4,"column":21},"end":{"line":4,"column":45}},"4":{"start":{"line":5,"column":17},"end":{"line":5,"column":36}},"5":{"start":{"line":6,"column":14},"end":{"line":6,"column":39}},"6":{"start":{"line":7,"column":25},"end":{"line":7,"column":60}},"7":{"start":{"line":8,"column":30},"end":{"line":8,"column":70}},"8":{"start":{"line":9,"column":87},"end":{"line":9,"column":124}},"9":{"start":{"line":10,"column":23},"end":{"line":10,"column":56}},"10":{"start":{"line":12,"column":14},"end":{"line":12,"column":25}},"11":{"start":{"line":14,"column":14},"end":{"line":14,"column":18}},"12":{"start":{"line":15,"column":25},"end":{"line":15,"column":29}},"13":{"start":{"line":16,"column":21},"end":{"line":16,"column":30}},"14":{"start":{"line":17,"column":19},"end":{"line":17,"column":21}},"15":{"start":{"line":18,"column":24},"end":{"line":18,"column":29}},"16":{"start":{"line":19,"column":24},"end":{"line":19,"column":27}},"17":{"start":{"line":23,"column":2},"end":{"line":27,"column":3}},"18":{"start":{"line":24,"column":4},"end":{"line":24,"column":97}},"19":{"start":{"line":26,"column":4},"end":{"line":26,"column":16}},"20":{"start":{"line":32,"column":22},"end":{"line":35,"column":4}},"21":{"start":{"line":37,"column":2},"end":{"line":47,"column":5}},"22":{"start":{"line":49,"column":2},"end":{"line":49,"column":70}},"23":{"start":{"line":52,"column":2},"end":{"line":52,"column":40}},"24":{"start":{"line":55,"column":2},"end":{"line":57,"column":5}},"25":{"start":{"line":56,"column":4},"end":{"line":56,"column":66}},"26":{"start":{"line":60,"column":2},"end":{"line":63,"column":5}},"27":{"start":{"line":61,"column":19},"end":{"line":61,"column":41}},"28":{"start":{"line":62,"column":4},"end":{"line":62,"column":37}},"29":{"start":{"line":65,"column":2},"end":{"line":68,"column":5}},"30":{"start":{"line":66,"column":4},"end":{"line":66,"column":22}},"31":{"start":{"line":67,"column":4},"end":{"line":67,"column":19}},"32":{"start":{"line":73,"column":2},"end":{"line":73,"column":17}},"33":{"start":{"line":75,"column":23},"end":{"line":75,"column":58}},"34":{"start":{"line":76,"column":18},"end":{"line":76,"column":47}},"35":{"start":{"line":79,"column":21},"end":{"line":79,"column":23}},"36":{"start":{"line":80,"column":2},"end":{"line":80,"column":65}},"37":{"start":{"line":80,"column":35},"end":{"line":80,"column":65}},"38":{"start":{"line":81,"column":2},"end":{"line":81,"column":55}},"39":{"start":{"line":81,"column":30},"end":{"line":81,"column":55}},"40":{"start":{"line":84,"column":2},"end":{"line":87,"column":3}},"41":{"start":{"line":85,"column":4},"end":{"line":85,"column":85}},"42":{"start":{"line":86,"column":4},"end":{"line":86,"column":11}},"43":{"start":{"line":89,"column":2},"end":{"line":89,"column":61}},"44":{"start":{"line":91,"column":2},"end":{"line":105,"column":5}},"45":{"start":{"line":107,"column":22},"end":{"line":107,"column":26}},"46":{"start":{"line":109,"column":2},"end":{"line":127,"column":5}},"47":{"start":{"line":111,"column":21},"end":{"line":111,"column":30}},"48":{"start":{"line":112,"column":4},"end":{"line":116,"column":5}},"49":{"start":{"line":113,"column":6},"end":{"line":113,"column":30}},"50":{"start":{"line":114,"column":11},"end":{"line":116,"column":5}},"51":{"start":{"line":115,"column":6},"end":{"line":115,"column":25}},"52":{"start":{"line":118,"column":4},"end":{"line":118,"column":80}},"53":{"start":{"line":121,"column":4},"end":{"line":121,"column":51}},"54":{"start":{"line":121,"column":23},"end":{"line":121,"column":51}},"55":{"start":{"line":122,"column":4},"end":{"line":126,"column":12}},"56":{"start":{"line":123,"column":6},"end":{"line":125,"column":7}},"57":{"start":{"line":124,"column":8},"end":{"line":124,"column":92}},"58":{"start":{"line":130,"column":2},"end":{"line":130,"column":39}},"59":{"start":{"line":134,"column":2},"end":{"line":137,"column":3}},"60":{"start":{"line":135,"column":4},"end":{"line":135,"column":20}},"61":{"start":{"line":136,"column":4},"end":{"line":136,"column":19}},"62":{"start":{"line":138,"column":2},"end":{"line":138,"column":27}},"63":{"start":{"line":143,"column":2},"end":{"line":143,"column":27}},"64":{"start":{"line":145,"column":21},"end":{"line":145,"column":68}},"65":{"start":{"line":148,"column":2},"end":{"line":151,"column":3}},"66":{"start":{"line":149,"column":4},"end":{"line":149,"column":74}},"67":{"start":{"line":150,"column":4},"end":{"line":150,"column":11}},"68":{"start":{"line":153,"column":2},"end":{"line":153,"column":54}},"69":{"start":{"line":155,"column":2},"end":{"line":159,"column":5}},"70":{"start":{"line":161,"column":2},"end":{"line":163,"column":5}},"71":{"start":{"line":162,"column":4},"end":{"line":162,"column":32}},"72":{"start":{"line":167,"column":2},"end":{"line":170,"column":3}},"73":{"start":{"line":168,"column":4},"end":{"line":168,"column":31}},"74":{"start":{"line":169,"column":4},"end":{"line":169,"column":30}},"75":{"start":{"line":171,"column":2},"end":{"line":171,"column":23}},"76":{"start":{"line":172,"column":2},"end":{"line":172,"column":24}},"77":{"start":{"line":173,"column":2},"end":{"line":173,"column":28}},"78":{"start":{"line":177,"column":2},"end":{"line":212,"column":3}},"79":{"start":{"line":179,"column":20},"end":{"line":179,"column":59}},"80":{"start":{"line":180,"column":18},"end":{"line":180,"column":37}},"81":{"start":{"line":183,"column":4},"end":{"line":187,"column":5}},"82":{"start":{"line":184,"column":6},"end":{"line":184,"column":85}},"83":{"start":{"line":185,"column":6},"end":{"line":185,"column":35}},"84":{"start":{"line":186,"column":6},"end":{"line":186,"column":13}},"85":{"start":{"line":190,"column":26},"end":{"line":190,"column":59}},"86":{"start":{"line":191,"column":4},"end":{"line":195,"column":5}},"87":{"start":{"line":192,"column":6},"end":{"line":192,"column":72}},"88":{"start":{"line":193,"column":6},"end":{"line":193,"column":35}},"89":{"start":{"line":194,"column":6},"end":{"line":194,"column":13}},"90":{"start":{"line":196,"column":4},"end":{"line":196,"column":55}},"91":{"start":{"line":199,"column":19},"end":{"line":199,"column":37}},"92":{"start":{"line":200,"column":4},"end":{"line":202,"column":5}},"93":{"start":{"line":201,"column":6},"end":{"line":201,"column":49}},"94":{"start":{"line":201,"column":23},"end":{"line":201,"column":49}},"95":{"start":{"line":205,"column":4},"end":{"line":205,"column":46}},"96":{"start":{"line":206,"column":4},"end":{"line":206,"column":24}},"97":{"start":{"line":209,"column":4},"end":{"line":209,"column":73}},"98":{"start":{"line":211,"column":4},"end":{"line":211,"column":54}},"99":{"start":{"line":211,"column":10},"end":{"line":211,"column":39}},"100":{"start":{"line":216,"column":2},"end":{"line":216,"column":59}},"101":{"start":{"line":216,"column":52},"end":{"line":216,"column":59}},"102":{"start":{"line":218,"column":2},"end":{"line":218,"column":27}},"103":{"start":{"line":220,"column":2},"end":{"line":238,"column":3}},"104":{"start":{"line":221,"column":37},"end":{"line":221,"column":55}},"105":{"start":{"line":224,"column":26},"end":{"line":224,"column":54}},"106":{"start":{"line":227,"column":4},"end":{"line":230,"column":5}},"107":{"start":{"line":228,"column":6},"end":{"line":228,"column":69}},"108":{"start":{"line":229,"column":6},"end":{"line":229,"column":113}},"109":{"start":{"line":233,"column":4},"end":{"line":237,"column":5}},"110":{"start":{"line":234,"column":6},"end":{"line":234,"column":35}},"111":{"start":{"line":236,"column":6},"end":{"line":236,"column":69}},"112":{"start":{"line":240,"column":2},"end":{"line":240,"column":28}},"113":{"start":{"line":245,"column":19},"end":{"line":245,"column":28}},"114":{"start":{"line":246,"column":21},"end":{"line":246,"column":36}},"115":{"start":{"line":249,"column":2},"end":{"line":259,"column":3}},"116":{"start":{"line":250,"column":4},"end":{"line":250,"column":28}},"117":{"start":{"line":252,"column":18},"end":{"line":252,"column":64}},"118":{"start":{"line":253,"column":4},"end":{"line":253,"column":39}},"119":{"start":{"line":253,"column":15},"end":{"line":253,"column":39}},"120":{"start":{"line":254,"column":9},"end":{"line":259,"column":3}},"121":{"start":{"line":255,"column":4},"end":{"line":255,"column":23}},"122":{"start":{"line":257,"column":18},"end":{"line":257,"column":57}},"123":{"start":{"line":258,"column":4},"end":{"line":258,"column":39}},"124":{"start":{"line":258,"column":15},"end":{"line":258,"column":39}},"125":{"start":{"line":263,"column":17},"end":{"line":265,"column":10}},"126":{"start":{"line":267,"column":2},"end":{"line":271,"column":4}},"127":{"start":{"line":274,"column":0},"end":{"line":621,"column":3}},"128":{"start":{"line":278,"column":2},"end":{"line":289,"column":5}},"129":{"start":{"line":279,"column":19},"end":{"line":282,"column":6}},"130":{"start":{"line":284,"column":4},"end":{"line":286,"column":5}},"131":{"start":{"line":285,"column":6},"end":{"line":285,"column":18}},"132":{"start":{"line":288,"column":4},"end":{"line":288,"column":31}},"133":{"start":{"line":292,"column":2},"end":{"line":299,"column":5}},"134":{"start":{"line":293,"column":4},"end":{"line":298,"column":5}},"135":{"start":{"line":294,"column":6},"end":{"line":294,"column":40}},"136":{"start":{"line":296,"column":6},"end":{"line":296,"column":53}},"137":{"start":{"line":297,"column":6},"end":{"line":297,"column":50}},"138":{"start":{"line":302,"column":2},"end":{"line":309,"column":5}},"139":{"start":{"line":303,"column":4},"end":{"line":308,"column":5}},"140":{"start":{"line":304,"column":6},"end":{"line":304,"column":45}},"141":{"start":{"line":306,"column":6},"end":{"line":306,"column":58}},"142":{"start":{"line":307,"column":6},"end":{"line":307,"column":74}},"143":{"start":{"line":312,"column":2},"end":{"line":321,"column":5}},"144":{"start":{"line":313,"column":4},"end":{"line":320,"column":5}},"145":{"start":{"line":314,"column":21},"end":{"line":314,"column":49}},"146":{"start":{"line":315,"column":24},"end":{"line":315,"column":48}},"147":{"start":{"line":316,"column":6},"end":{"line":316,"column":41}},"148":{"start":{"line":318,"column":6},"end":{"line":318,"column":55}},"149":{"start":{"line":319,"column":6},"end":{"line":319,"column":83}},"150":{"start":{"line":324,"column":2},"end":{"line":360,"column":5}},"151":{"start":{"line":325,"column":4},"end":{"line":359,"column":5}},"152":{"start":{"line":326,"column":27},"end":{"line":326,"column":62}},"153":{"start":{"line":328,"column":22},"end":{"line":328,"column":48}},"154":{"start":{"line":329,"column":27},"end":{"line":329,"column":58}},"155":{"start":{"line":332,"column":31},"end":{"line":343,"column":7}},"156":{"start":{"line":346,"column":24},"end":{"line":346,"column":71}},"157":{"start":{"line":347,"column":20},"end":{"line":347,"column":44}},"158":{"start":{"line":349,"column":6},"end":{"line":355,"column":8}},"159":{"start":{"line":357,"column":6},"end":{"line":357,"column":53}},"160":{"start":{"line":358,"column":6},"end":{"line":358,"column":38}},"161":{"start":{"line":363,"column":2},"end":{"line":394,"column":5}},"162":{"start":{"line":364,"column":4},"end":{"line":393,"column":5}},"163":{"start":{"line":366,"column":6},"end":{"line":381,"column":7}},"164":{"start":{"line":367,"column":8},"end":{"line":367,"column":60}},"165":{"start":{"line":368,"column":8},"end":{"line":368,"column":51}},"166":{"start":{"line":371,"column":24},"end":{"line":371,"column":64}},"167":{"start":{"line":372,"column":8},"end":{"line":380,"column":9}},"168":{"start":{"line":373,"column":10},"end":{"line":379,"column":11}},"169":{"start":{"line":374,"column":12},"end":{"line":374,"column":61}},"170":{"start":{"line":375,"column":12},"end":{"line":375,"column":69}},"171":{"start":{"line":376,"column":12},"end":{"line":376,"column":45}},"172":{"start":{"line":384,"column":21},"end":{"line":384,"column":51}},"173":{"start":{"line":385,"column":6},"end":{"line":388,"column":7}},"174":{"start":{"line":387,"column":8},"end":{"line":387,"column":33}},"175":{"start":{"line":389,"column":6},"end":{"line":389,"column":49}},"176":{"start":{"line":391,"column":6},"end":{"line":391,"column":50}},"177":{"start":{"line":392,"column":6},"end":{"line":392,"column":38}},"178":{"start":{"line":397,"column":2},"end":{"line":400,"column":5}},"179":{"start":{"line":398,"column":4},"end":{"line":398,"column":31}},"180":{"start":{"line":399,"column":4},"end":{"line":399,"column":29}},"181":{"start":{"line":403,"column":2},"end":{"line":406,"column":5}},"182":{"start":{"line":404,"column":4},"end":{"line":404,"column":19}},"183":{"start":{"line":405,"column":4},"end":{"line":405,"column":29}},"184":{"start":{"line":409,"column":2},"end":{"line":411,"column":5}},"185":{"start":{"line":410,"column":4},"end":{"line":410,"column":43}},"186":{"start":{"line":414,"column":2},"end":{"line":443,"column":5}},"187":{"start":{"line":415,"column":4},"end":{"line":442,"column":5}},"188":{"start":{"line":416,"column":20},"end":{"line":416,"column":41}},"189":{"start":{"line":417,"column":6},"end":{"line":419,"column":7}},"190":{"start":{"line":418,"column":8},"end":{"line":418,"column":77}},"191":{"start":{"line":422,"column":6},"end":{"line":430,"column":7}},"192":{"start":{"line":423,"column":24},"end":{"line":423,"column":83}},"193":{"start":{"line":424,"column":8},"end":{"line":429,"column":10}},"194":{"start":{"line":432,"column":22},"end":{"line":432,"column":56}},"195":{"start":{"line":433,"column":6},"end":{"line":438,"column":8}},"196":{"start":{"line":440,"column":6},"end":{"line":440,"column":50}},"197":{"start":{"line":441,"column":6},"end":{"line":441,"column":38}},"198":{"start":{"line":446,"column":2},"end":{"line":460,"column":5}},"199":{"start":{"line":447,"column":4},"end":{"line":459,"column":5}},"200":{"start":{"line":448,"column":20},"end":{"line":448,"column":41}},"201":{"start":{"line":449,"column":6},"end":{"line":455,"column":8}},"202":{"start":{"line":457,"column":6},"end":{"line":457,"column":56}},"203":{"start":{"line":458,"column":6},"end":{"line":458,"column":38}},"204":{"start":{"line":463,"column":2},"end":{"line":473,"column":5}},"205":{"start":{"line":464,"column":17},"end":{"line":464,"column":48}},"206":{"start":{"line":466,"column":4},"end":{"line":466,"column":51}},"207":{"start":{"line":466,"column":32},"end":{"line":466,"column":49}},"208":{"start":{"line":468,"column":4},"end":{"line":468,"column":32}},"209":{"start":{"line":470,"column":4},"end":{"line":470,"column":32}},"210":{"start":{"line":471,"column":4},"end":{"line":471,"column":40}},"211":{"start":{"line":472,"column":4},"end":{"line":472,"column":18}},"212":{"start":{"line":476,"column":2},"end":{"line":519,"column":5}},"213":{"start":{"line":477,"column":4},"end":{"line":518,"column":5}},"214":{"start":{"line":478,"column":21},"end":{"line":478,"column":73}},"215":{"start":{"line":481,"column":6},"end":{"line":483,"column":7}},"216":{"start":{"line":482,"column":8},"end":{"line":482,"column":59}},"217":{"start":{"line":485,"column":23},"end":{"line":485,"column":25}},"218":{"start":{"line":486,"column":21},"end":{"line":486,"column":23}},"219":{"start":{"line":487,"column":24},"end":{"line":487,"column":26}},"220":{"start":{"line":489,"column":20},"end":{"line":489,"column":70}},"221":{"start":{"line":489,"column":54},"end":{"line":489,"column":69}},"222":{"start":{"line":491,"column":6},"end":{"line":512,"column":7}},"223":{"start":{"line":494,"column":28},"end":{"line":494,"column":42}},"224":{"start":{"line":495,"column":31},"end":{"line":495,"column":45}},"225":{"start":{"line":496,"column":25},"end":{"line":496,"column":42}},"226":{"start":{"line":499,"column":8},"end":{"line":501,"column":9}},"227":{"start":{"line":500,"column":10},"end":{"line":500,"column":32}},"228":{"start":{"line":504,"column":8},"end":{"line":506,"column":9}},"229":{"start":{"line":505,"column":10},"end":{"line":505,"column":34}},"230":{"start":{"line":509,"column":8},"end":{"line":511,"column":9}},"231":{"start":{"line":510,"column":10},"end":{"line":510,"column":35}},"232":{"start":{"line":514,"column":6},"end":{"line":514,"column":45}},"233":{"start":{"line":516,"column":6},"end":{"line":516,"column":56}},"234":{"start":{"line":517,"column":6},"end":{"line":517,"column":79}},"235":{"start":{"line":522,"column":2},"end":{"line":545,"column":5}},"236":{"start":{"line":523,"column":4},"end":{"line":544,"column":5}},"237":{"start":{"line":525,"column":19},"end":{"line":525,"column":74}},"238":{"start":{"line":528,"column":6},"end":{"line":533,"column":7}},"239":{"start":{"line":529,"column":8},"end":{"line":529,"column":74}},"240":{"start":{"line":530,"column":8},"end":{"line":532,"column":9}},"241":{"start":{"line":531,"column":10},"end":{"line":531,"column":33}},"242":{"start":{"line":536,"column":6},"end":{"line":538,"column":7}},"243":{"start":{"line":537,"column":8},"end":{"line":537,"column":32}},"244":{"start":{"line":540,"column":6},"end":{"line":540,"column":24}},"245":{"start":{"line":542,"column":6},"end":{"line":542,"column":56}},"246":{"start":{"line":543,"column":6},"end":{"line":543,"column":52}},"247":{"start":{"line":548,"column":2},"end":{"line":575,"column":5}},"248":{"start":{"line":549,"column":4},"end":{"line":574,"column":5}},"249":{"start":{"line":550,"column":21},"end":{"line":550,"column":80}},"250":{"start":{"line":553,"column":6},"end":{"line":555,"column":7}},"251":{"start":{"line":554,"column":8},"end":{"line":554,"column":31}},"252":{"start":{"line":557,"column":22},"end":{"line":568,"column":10}},"253":{"start":{"line":558,"column":24},"end":{"line":558,"column":39}},"254":{"start":{"line":560,"column":29},"end":{"line":560,"column":46}},"255":{"start":{"line":561,"column":10},"end":{"line":563,"column":11}},"256":{"start":{"line":562,"column":12},"end":{"line":562,"column":47}},"257":{"start":{"line":564,"column":10},"end":{"line":567,"column":12}},"258":{"start":{"line":570,"column":6},"end":{"line":570,"column":25}},"259":{"start":{"line":572,"column":6},"end":{"line":572,"column":57}},"260":{"start":{"line":573,"column":6},"end":{"line":573,"column":51}},"261":{"start":{"line":578,"column":2},"end":{"line":599,"column":5}},"262":{"start":{"line":579,"column":4},"end":{"line":598,"column":5}},"263":{"start":{"line":582,"column":21},"end":{"line":582,"column":81}},"264":{"start":{"line":585,"column":6},"end":{"line":592,"column":7}},"265":{"start":{"line":587,"column":23},"end":{"line":587,"column":92}},"266":{"start":{"line":588,"column":8},"end":{"line":590,"column":9}},"267":{"start":{"line":589,"column":10},"end":{"line":589,"column":94}},"268":{"start":{"line":591,"column":8},"end":{"line":591,"column":92}},"269":{"start":{"line":594,"column":6},"end":{"line":594,"column":49}},"270":{"start":{"line":596,"column":6},"end":{"line":596,"column":54}},"271":{"start":{"line":597,"column":6},"end":{"line":597,"column":50}},"272":{"start":{"line":602,"column":2},"end":{"line":611,"column":5}},"273":{"start":{"line":603,"column":4},"end":{"line":603,"column":53}},"274":{"start":{"line":604,"column":4},"end":{"line":610,"column":5}},"275":{"start":{"line":605,"column":6},"end":{"line":605,"column":36}},"276":{"start":{"line":606,"column":6},"end":{"line":606,"column":61}},"277":{"start":{"line":608,"column":6},"end":{"line":608,"column":64}},"278":{"start":{"line":609,"column":6},"end":{"line":609,"column":16}},"279":{"start":{"line":614,"column":2},"end":{"line":614,"column":17}},"280":{"start":{"line":616,"column":2},"end":{"line":620,"column":5}},"281":{"start":{"line":617,"column":4},"end":{"line":619,"column":5}},"282":{"start":{"line":618,"column":6},"end":{"line":618,"column":21}},"283":{"start":{"line":623,"column":0},"end":{"line":625,"column":3}},"284":{"start":{"line":624,"column":2},"end":{"line":624,"column":13}}},"fnMap":{"0":{"name":"runGitCommand","decl":{"start":{"line":22,"column":9},"end":{"line":22,"column":22}},"loc":{"start":{"line":22,"column":37},"end":{"line":28,"column":1}},"line":22},"1":{"name":"createWindow","decl":{"start":{"line":30,"column":9},"end":{"line":30,"column":21}},"loc":{"start":{"line":30,"column":24},"end":{"line":69,"column":1}},"line":30},"2":{"name":"(anonymous_2)","decl":{"start":{"line":55,"column":45},"end":{"line":55,"column":46}},"loc":{"start":{"line":55,"column":85},"end":{"line":57,"column":3}},"line":55},"3":{"name":"(anonymous_3)","decl":{"start":{"line":60,"column":25},"end":{"line":60,"column":26}},"loc":{"start":{"line":60,"column":31},"end":{"line":63,"column":3}},"line":60},"4":{"name":"(anonymous_4)","decl":{"start":{"line":65,"column":26},"end":{"line":65,"column":27}},"loc":{"start":{"line":65,"column":32},"end":{"line":68,"column":3}},"line":65},"5":{"name":"startWatching","decl":{"start":{"line":72,"column":9},"end":{"line":72,"column":22}},"loc":{"start":{"line":72,"column":36},"end":{"line":131,"column":1}},"line":72},"6":{"name":"(anonymous_6)","decl":{"start":{"line":109,"column":20},"end":{"line":109,"column":21}},"loc":{"start":{"line":109,"column":41},"end":{"line":127,"column":3}},"line":109},"7":{"name":"(anonymous_7)","decl":{"start":{"line":122,"column":31},"end":{"line":122,"column":32}},"loc":{"start":{"line":122,"column":37},"end":{"line":126,"column":5}},"line":122},"8":{"name":"stopWatching","decl":{"start":{"line":133,"column":9},"end":{"line":133,"column":21}},"loc":{"start":{"line":133,"column":24},"end":{"line":139,"column":1}},"line":133},"9":{"name":"startClaudeEventWatcher","decl":{"start":{"line":142,"column":9},"end":{"line":142,"column":32}},"loc":{"start":{"line":142,"column":46},"end":{"line":164,"column":1}},"line":142},"10":{"name":"(anonymous_10)","decl":{"start":{"line":161,"column":31},"end":{"line":161,"column":32}},"loc":{"start":{"line":161,"column":45},"end":{"line":163,"column":3}},"line":161},"11":{"name":"stopClaudeEventWatcher","decl":{"start":{"line":166,"column":9},"end":{"line":166,"column":31}},"loc":{"start":{"line":166,"column":34},"end":{"line":174,"column":1}},"line":166},"12":{"name":"handleClaudeEvent","decl":{"start":{"line":176,"column":15},"end":{"line":176,"column":32}},"loc":{"start":{"line":176,"column":48},"end":{"line":213,"column":1}},"line":176},"13":{"name":"processEventQueue","decl":{"start":{"line":215,"column":15},"end":{"line":215,"column":32}},"loc":{"start":{"line":215,"column":35},"end":{"line":241,"column":1}},"line":215},"14":{"name":"enrichEventWithNodeId","decl":{"start":{"line":243,"column":9},"end":{"line":243,"column":30}},"loc":{"start":{"line":243,"column":38},"end":{"line":272,"column":1}},"line":243},"15":{"name":"(anonymous_15)","decl":{"start":{"line":274,"column":21},"end":{"line":274,"column":22}},"loc":{"start":{"line":274,"column":27},"end":{"line":621,"column":1}},"line":274},"16":{"name":"(anonymous_16)","decl":{"start":{"line":278,"column":34},"end":{"line":278,"column":35}},"loc":{"start":{"line":278,"column":46},"end":{"line":289,"column":3}},"line":278},"17":{"name":"(anonymous_17)","decl":{"start":{"line":292,"column":34},"end":{"line":292,"column":35}},"loc":{"start":{"line":292,"column":65},"end":{"line":299,"column":3}},"line":292},"18":{"name":"(anonymous_18)","decl":{"start":{"line":302,"column":39},"end":{"line":302,"column":40}},"loc":{"start":{"line":302,"column":70},"end":{"line":309,"column":3}},"line":302},"19":{"name":"(anonymous_19)","decl":{"start":{"line":312,"column":36},"end":{"line":312,"column":37}},"loc":{"start":{"line":312,"column":67},"end":{"line":321,"column":3}},"line":312},"20":{"name":"(anonymous_20)","decl":{"start":{"line":324,"column":34},"end":{"line":324,"column":35}},"loc":{"start":{"line":324,"column":64},"end":{"line":360,"column":3}},"line":324},"21":{"name":"(anonymous_21)","decl":{"start":{"line":363,"column":30},"end":{"line":363,"column":31}},"loc":{"start":{"line":363,"column":57},"end":{"line":394,"column":3}},"line":363},"22":{"name":"(anonymous_22)","decl":{"start":{"line":397,"column":35},"end":{"line":397,"column":36}},"loc":{"start":{"line":397,"column":65},"end":{"line":400,"column":3}},"line":397},"23":{"name":"(anonymous_23)","decl":{"start":{"line":403,"column":34},"end":{"line":403,"column":35}},"loc":{"start":{"line":403,"column":46},"end":{"line":406,"column":3}},"line":403},"24":{"name":"(anonymous_24)","decl":{"start":{"line":409,"column":40},"end":{"line":409,"column":41}},"loc":{"start":{"line":409,"column":52},"end":{"line":411,"column":3}},"line":409},"25":{"name":"(anonymous_25)","decl":{"start":{"line":414,"column":38},"end":{"line":414,"column":39}},"loc":{"start":{"line":414,"column":65},"end":{"line":443,"column":3}},"line":414},"26":{"name":"(anonymous_26)","decl":{"start":{"line":446,"column":35},"end":{"line":446,"column":36}},"loc":{"start":{"line":446,"column":62},"end":{"line":460,"column":3}},"line":446},"27":{"name":"(anonymous_27)","decl":{"start":{"line":463,"column":39},"end":{"line":463,"column":40}},"loc":{"start":{"line":463,"column":69},"end":{"line":473,"column":3}},"line":463},"28":{"name":"(anonymous_28)","decl":{"start":{"line":466,"column":27},"end":{"line":466,"column":28}},"loc":{"start":{"line":466,"column":32},"end":{"line":466,"column":49}},"line":466},"29":{"name":"(anonymous_29)","decl":{"start":{"line":476,"column":35},"end":{"line":476,"column":36}},"loc":{"start":{"line":476,"column":65},"end":{"line":519,"column":3}},"line":476},"30":{"name":"(anonymous_30)","decl":{"start":{"line":489,"column":46},"end":{"line":489,"column":47}},"loc":{"start":{"line":489,"column":54},"end":{"line":489,"column":69}},"line":489},"31":{"name":"(anonymous_31)","decl":{"start":{"line":522,"column":35},"end":{"line":522,"column":36}},"loc":{"start":{"line":522,"column":65},"end":{"line":545,"column":3}},"line":522},"32":{"name":"(anonymous_32)","decl":{"start":{"line":548,"column":36},"end":{"line":548,"column":37}},"loc":{"start":{"line":548,"column":78},"end":{"line":575,"column":3}},"line":548},"33":{"name":"(anonymous_33)","decl":{"start":{"line":558,"column":16},"end":{"line":558,"column":17}},"loc":{"start":{"line":558,"column":24},"end":{"line":558,"column":39}},"line":558},"34":{"name":"(anonymous_34)","decl":{"start":{"line":559,"column":13},"end":{"line":559,"column":14}},"loc":{"start":{"line":559,"column":21},"end":{"line":568,"column":9}},"line":559},"35":{"name":"(anonymous_35)","decl":{"start":{"line":578,"column":33},"end":{"line":578,"column":34}},"loc":{"start":{"line":578,"column":73},"end":{"line":599,"column":3}},"line":578},"36":{"name":"(anonymous_36)","decl":{"start":{"line":602,"column":34},"end":{"line":602,"column":35}},"loc":{"start":{"line":602,"column":56},"end":{"line":611,"column":3}},"line":602},"37":{"name":"(anonymous_37)","decl":{"start":{"line":616,"column":21},"end":{"line":616,"column":22}},"loc":{"start":{"line":616,"column":27},"end":{"line":620,"column":3}},"line":616},"38":{"name":"(anonymous_38)","decl":{"start":{"line":623,"column":28},"end":{"line":623,"column":29}},"loc":{"start":{"line":623,"column":34},"end":{"line":625,"column":1}},"line":623}},"branchMap":{"0":{"loc":{"start":{"line":38,"column":11},"end":{"line":38,"column":36}},"type":"binary-expr","locations":[{"start":{"line":38,"column":11},"end":{"line":38,"column":28}},{"start":{"line":38,"column":32},"end":{"line":38,"column":36}}],"line":38},"1":{"loc":{"start":{"line":39,"column":12},"end":{"line":39,"column":37}},"type":"binary-expr","locations":[{"start":{"line":39,"column":12},"end":{"line":39,"column":30}},{"start":{"line":39,"column":34},"end":{"line":39,"column":37}}],"line":39},"2":{"loc":{"start":{"line":80,"column":2},"end":{"line":80,"column":65}},"type":"if","locations":[{"start":{"line":80,"column":2},"end":{"line":80,"column":65}},{"start":{},"end":{}}],"line":80},"3":{"loc":{"start":{"line":81,"column":2},"end":{"line":81,"column":55}},"type":"if","locations":[{"start":{"line":81,"column":2},"end":{"line":81,"column":55}},{"start":{},"end":{}}],"line":81},"4":{"loc":{"start":{"line":84,"column":2},"end":{"line":87,"column":3}},"type":"if","locations":[{"start":{"line":84,"column":2},"end":{"line":87,"column":3}},{"start":{},"end":{}}],"line":84},"5":{"loc":{"start":{"line":112,"column":4},"end":{"line":116,"column":5}},"type":"if","locations":[{"start":{"line":112,"column":4},"end":{"line":116,"column":5}},{"start":{"line":114,"column":11},"end":{"line":116,"column":5}}],"line":112},"6":{"loc":{"start":{"line":112,"column":8},"end":{"line":112,"column":134}},"type":"binary-expr","locations":[{"start":{"line":112,"column":8},"end":{"line":112,"column":40}},{"start":{"line":112,"column":44},"end":{"line":112,"column":78}},{"start":{"line":112,"column":82},"end":{"line":112,"column":134}}],"line":112},"7":{"loc":{"start":{"line":114,"column":11},"end":{"line":116,"column":5}},"type":"if","locations":[{"start":{"line":114,"column":11},"end":{"line":116,"column":5}},{"start":{},"end":{}}],"line":114},"8":{"loc":{"start":{"line":114,"column":15},"end":{"line":114,"column":123}},"type":"binary-expr","locations":[{"start":{"line":114,"column":15},"end":{"line":114,"column":41}},{"start":{"line":114,"column":45},"end":{"line":114,"column":73}},{"start":{"line":114,"column":77},"end":{"line":114,"column":123}}],"line":114},"9":{"loc":{"start":{"line":121,"column":4},"end":{"line":121,"column":51}},"type":"if","locations":[{"start":{"line":121,"column":4},"end":{"line":121,"column":51}},{"start":{},"end":{}}],"line":121},"10":{"loc":{"start":{"line":123,"column":6},"end":{"line":125,"column":7}},"type":"if","locations":[{"start":{"line":123,"column":6},"end":{"line":125,"column":7}},{"start":{},"end":{}}],"line":123},"11":{"loc":{"start":{"line":123,"column":10},"end":{"line":123,"column":49}},"type":"binary-expr","locations":[{"start":{"line":123,"column":10},"end":{"line":123,"column":20}},{"start":{"line":123,"column":24},"end":{"line":123,"column":49}}],"line":123},"12":{"loc":{"start":{"line":134,"column":2},"end":{"line":137,"column":3}},"type":"if","locations":[{"start":{"line":134,"column":2},"end":{"line":137,"column":3}},{"start":{},"end":{}}],"line":134},"13":{"loc":{"start":{"line":148,"column":2},"end":{"line":151,"column":3}},"type":"if","locations":[{"start":{"line":148,"column":2},"end":{"line":151,"column":3}},{"start":{},"end":{}}],"line":148},"14":{"loc":{"start":{"line":167,"column":2},"end":{"line":170,"column":3}},"type":"if","locations":[{"start":{"line":167,"column":2},"end":{"line":170,"column":3}},{"start":{},"end":{}}],"line":167},"15":{"loc":{"start":{"line":183,"column":4},"end":{"line":187,"column":5}},"type":"if","locations":[{"start":{"line":183,"column":4},"end":{"line":187,"column":5}},{"start":{},"end":{}}],"line":183},"16":{"loc":{"start":{"line":183,"column":8},"end":{"line":183,"column":64}},"type":"binary-expr","locations":[{"start":{"line":183,"column":8},"end":{"line":183,"column":24}},{"start":{"line":183,"column":28},"end":{"line":183,"column":44}},{"start":{"line":183,"column":48},"end":{"line":183,"column":64}}],"line":183},"17":{"loc":{"start":{"line":191,"column":4},"end":{"line":195,"column":5}},"type":"if","locations":[{"start":{"line":191,"column":4},"end":{"line":195,"column":5}},{"start":{},"end":{}}],"line":191},"18":{"loc":{"start":{"line":191,"column":8},"end":{"line":191,"column":76}},"type":"binary-expr","locations":[{"start":{"line":191,"column":8},"end":{"line":191,"column":21}},{"start":{"line":191,"column":25},"end":{"line":191,"column":76}}],"line":191},"19":{"loc":{"start":{"line":201,"column":6},"end":{"line":201,"column":49}},"type":"if","locations":[{"start":{"line":201,"column":6},"end":{"line":201,"column":49}},{"start":{},"end":{}}],"line":201},"20":{"loc":{"start":{"line":216,"column":2},"end":{"line":216,"column":59}},"type":"if","locations":[{"start":{"line":216,"column":2},"end":{"line":216,"column":59}},{"start":{},"end":{}}],"line":216},"21":{"loc":{"start":{"line":216,"column":6},"end":{"line":216,"column":50}},"type":"binary-expr","locations":[{"start":{"line":216,"column":6},"end":{"line":216,"column":23}},{"start":{"line":216,"column":27},"end":{"line":216,"column":50}}],"line":216},"22":{"loc":{"start":{"line":227,"column":4},"end":{"line":230,"column":5}},"type":"if","locations":[{"start":{"line":227,"column":4},"end":{"line":230,"column":5}},{"start":{},"end":{}}],"line":227},"23":{"loc":{"start":{"line":227,"column":8},"end":{"line":227,"column":47}},"type":"binary-expr","locations":[{"start":{"line":227,"column":8},"end":{"line":227,"column":18}},{"start":{"line":227,"column":22},"end":{"line":227,"column":47}}],"line":227},"24":{"loc":{"start":{"line":229,"column":72},"end":{"line":229,"column":111}},"type":"binary-expr","locations":[{"start":{"line":229,"column":72},"end":{"line":229,"column":92}},{"start":{"line":229,"column":96},"end":{"line":229,"column":111}}],"line":229},"25":{"loc":{"start":{"line":249,"column":2},"end":{"line":259,"column":3}},"type":"if","locations":[{"start":{"line":249,"column":2},"end":{"line":259,"column":3}},{"start":{"line":254,"column":9},"end":{"line":259,"column":3}}],"line":249},"26":{"loc":{"start":{"line":249,"column":6},"end":{"line":249,"column":90}},"type":"binary-expr","locations":[{"start":{"line":249,"column":6},"end":{"line":249,"column":45}},{"start":{"line":249,"column":49},"end":{"line":249,"column":90}}],"line":249},"27":{"loc":{"start":{"line":253,"column":4},"end":{"line":253,"column":39}},"type":"if","locations":[{"start":{"line":253,"column":4},"end":{"line":253,"column":39}},{"start":{},"end":{}}],"line":253},"28":{"loc":{"start":{"line":254,"column":9},"end":{"line":259,"column":3}},"type":"if","locations":[{"start":{"line":254,"column":9},"end":{"line":259,"column":3}},{"start":{},"end":{}}],"line":254},"29":{"loc":{"start":{"line":254,"column":13},"end":{"line":254,"column":85}},"type":"binary-expr","locations":[{"start":{"line":254,"column":13},"end":{"line":254,"column":46}},{"start":{"line":254,"column":50},"end":{"line":254,"column":85}}],"line":254},"30":{"loc":{"start":{"line":258,"column":4},"end":{"line":258,"column":39}},"type":"if","locations":[{"start":{"line":258,"column":4},"end":{"line":258,"column":39}},{"start":{},"end":{}}],"line":258},"31":{"loc":{"start":{"line":263,"column":17},"end":{"line":265,"column":10}},"type":"cond-expr","locations":[{"start":{"line":264,"column":6},"end":{"line":264,"column":58}},{"start":{"line":265,"column":6},"end":{"line":265,"column":10}}],"line":263},"32":{"loc":{"start":{"line":284,"column":4},"end":{"line":286,"column":5}},"type":"if","locations":[{"start":{"line":284,"column":4},"end":{"line":286,"column":5}},{"start":{},"end":{}}],"line":284},"33":{"loc":{"start":{"line":284,"column":8},"end":{"line":284,"column":56}},"type":"binary-expr","locations":[{"start":{"line":284,"column":8},"end":{"line":284,"column":23}},{"start":{"line":284,"column":27},"end":{"line":284,"column":56}}],"line":284},"34":{"loc":{"start":{"line":385,"column":6},"end":{"line":388,"column":7}},"type":"if","locations":[{"start":{"line":385,"column":6},"end":{"line":388,"column":7}},{"start":{},"end":{}}],"line":385},"35":{"loc":{"start":{"line":417,"column":6},"end":{"line":419,"column":7}},"type":"if","locations":[{"start":{"line":417,"column":6},"end":{"line":419,"column":7}},{"start":{},"end":{}}],"line":417},"36":{"loc":{"start":{"line":422,"column":6},"end":{"line":430,"column":7}},"type":"if","locations":[{"start":{"line":422,"column":6},"end":{"line":430,"column":7}},{"start":{},"end":{}}],"line":422},"37":{"loc":{"start":{"line":481,"column":6},"end":{"line":483,"column":7}},"type":"if","locations":[{"start":{"line":481,"column":6},"end":{"line":483,"column":7}},{"start":{},"end":{}}],"line":481},"38":{"loc":{"start":{"line":499,"column":8},"end":{"line":501,"column":9}},"type":"if","locations":[{"start":{"line":499,"column":8},"end":{"line":501,"column":9}},{"start":{},"end":{}}],"line":499},"39":{"loc":{"start":{"line":499,"column":12},"end":{"line":499,"column":54}},"type":"binary-expr","locations":[{"start":{"line":499,"column":12},"end":{"line":499,"column":31}},{"start":{"line":499,"column":35},"end":{"line":499,"column":54}}],"line":499},"40":{"loc":{"start":{"line":504,"column":8},"end":{"line":506,"column":9}},"type":"if","locations":[{"start":{"line":504,"column":8},"end":{"line":506,"column":9}},{"start":{},"end":{}}],"line":504},"41":{"loc":{"start":{"line":509,"column":8},"end":{"line":511,"column":9}},"type":"if","locations":[{"start":{"line":509,"column":8},"end":{"line":511,"column":9}},{"start":{},"end":{}}],"line":509},"42":{"loc":{"start":{"line":509,"column":12},"end":{"line":509,"column":57}},"type":"binary-expr","locations":[{"start":{"line":509,"column":12},"end":{"line":509,"column":31}},{"start":{"line":509,"column":35},"end":{"line":509,"column":57}}],"line":509},"43":{"loc":{"start":{"line":528,"column":6},"end":{"line":533,"column":7}},"type":"if","locations":[{"start":{"line":528,"column":6},"end":{"line":533,"column":7}},{"start":{},"end":{}}],"line":528},"44":{"loc":{"start":{"line":528,"column":10},"end":{"line":528,"column":42}},"type":"binary-expr","locations":[{"start":{"line":528,"column":10},"end":{"line":528,"column":25}},{"start":{"line":528,"column":29},"end":{"line":528,"column":42}}],"line":528},"45":{"loc":{"start":{"line":530,"column":8},"end":{"line":532,"column":9}},"type":"if","locations":[{"start":{"line":530,"column":8},"end":{"line":532,"column":9}},{"start":{},"end":{}}],"line":530},"46":{"loc":{"start":{"line":536,"column":6},"end":{"line":538,"column":7}},"type":"if","locations":[{"start":{"line":536,"column":6},"end":{"line":538,"column":7}},{"start":{},"end":{}}],"line":536},"47":{"loc":{"start":{"line":548,"column":63},"end":{"line":548,"column":73}},"type":"default-arg","locations":[{"start":{"line":548,"column":71},"end":{"line":548,"column":73}}],"line":548},"48":{"loc":{"start":{"line":553,"column":6},"end":{"line":555,"column":7}},"type":"if","locations":[{"start":{"line":553,"column":6},"end":{"line":555,"column":7}},{"start":{},"end":{}}],"line":553},"49":{"loc":{"start":{"line":553,"column":10},"end":{"line":553,"column":42}},"type":"binary-expr","locations":[{"start":{"line":553,"column":10},"end":{"line":553,"column":25}},{"start":{"line":553,"column":29},"end":{"line":553,"column":42}}],"line":553},"50":{"loc":{"start":{"line":561,"column":10},"end":{"line":563,"column":11}},"type":"if","locations":[{"start":{"line":561,"column":10},"end":{"line":563,"column":11}},{"start":{},"end":{}}],"line":561},"51":{"loc":{"start":{"line":585,"column":6},"end":{"line":592,"column":7}},"type":"if","locations":[{"start":{"line":585,"column":6},"end":{"line":592,"column":7}},{"start":{},"end":{}}],"line":585},"52":{"loc":{"start":{"line":585,"column":10},"end":{"line":585,"column":42}},"type":"binary-expr","locations":[{"start":{"line":585,"column":10},"end":{"line":585,"column":25}},{"start":{"line":585,"column":29},"end":{"line":585,"column":42}}],"line":585},"53":{"loc":{"start":{"line":588,"column":8},"end":{"line":590,"column":9}},"type":"if","locations":[{"start":{"line":588,"column":8},"end":{"line":590,"column":9}},{"start":{},"end":{}}],"line":588},"54":{"loc":{"start":{"line":588,"column":12},"end":{"line":588,"column":45}},"type":"binary-expr","locations":[{"start":{"line":588,"column":12},"end":{"line":588,"column":18}},{"start":{"line":588,"column":22},"end":{"line":588,"column":45}}],"line":588},"55":{"loc":{"start":{"line":617,"column":4},"end":{"line":619,"column":5}},"type":"if","locations":[{"start":{"line":617,"column":4},"end":{"line":619,"column":5}},{"start":{},"end":{}}],"line":617}},"s":{"0":0,"1":0,"2":0,"3":0,"4":0,"5":0,"6":0,"7":0,"8":0,"9":0,"10":0,"11":0,"12":0,"13":0,"14":0,"15":0,"16":0,"17":0,"18":0,"19":0,"20":0,"21":0,"22":0,"23":0,"24":0,"25":0,"26":0,"27":0,"28":0,"29":0,"30":0,"31":0,"32":0,"33":0,"34":0,"35":0,"36":0,"37":0,"38":0,"39":0,"40":0,"41":0,"42":0,"43":0,"44":0,"45":0,"46":0,"47":0,"48":0,"49":0,"50":0,"51":0,"52":0,"53":0,"54":0,"55":0,"56":0,"57":0,"58":0,"59":0,"60":0,"61":0,"62":0,"63":0,"64":0,"65":0,"66":0,"67":0,"68":0,"69":0,"70":0,"71":0,"72":0,"73":0,"74":0,"75":0,"76":0,"77":0,"78":0,"79":0,"80":0,"81":0,"82":0,"83":0,"84":0,"85":0,"86":0,"87":0,"88":0,"89":0,"90":0,"91":0,"92":0,"93":0,"94":0,"95":0,"96":0,"97":0,"98":0,"99":0,"100":0,"101":0,"102":0,"103":0,"104":0,"105":0,"106":0,"107":0,"108":0,"109":0,"110":0,"111":0,"112":0,"113":0,"114":0,"115":0,"116":0,"117":0,"118":0,"119":0,"120":0,"121":0,"122":0,"123":0,"124":0,"125":0,"126":0,"127":0,"128":0,"129":0,"130":0,"131":0,"132":0,"133":0,"134":0,"135":0,"136":0,"137":0,"138":0,"139":0,"140":0,"141":0,"142":0,"143":0,"144":0,"145":0,"146":0,"147":0,"148":0,"149":0,"150":0,"151":0,"152":0,"153":0,"154":0,"155":0,"156":0,"157":0,"158":0,"159":0,"160":0,"161":0,"162":0,"163":0,"164":0,"165":0,"166":0,"167":0,"168":0,"169":0,"170":0,"171":0,"172":0,"173":0,"174":0,"175":0,"176":0,"177":0,"178":0,"179":0,"180":0,"181":0,"182":0,"183":0,"184":0,"185":0,"186":0,"187":0,"188":0,"189":0,"190":0,"191":0,"192":0,"193":0,"194":0,"195":0,"196":0,"197":0,"198":0,"199":0,"200":0,"201":0,"202":0,"203":0,"204":0,"205":0,"206":0,"207":0,"208":0,"209":0,"210":0,"211":0,"212":0,"213":0,"214":0,"215":0,"216":0,"217":0,"218":0,"219":0,"220":0,"221":0,"222":0,"223":0,"224":0,"225":0,"226":0,"227":0,"228":0,"229":0,"230":0,"231":0,"232":0,"233":0,"234":0,"235":0,"236":0,"237":0,"238":0,"239":0,"240":0,"241":0,"242":0,"243":0,"244":0,"245":0,"246":0,"247":0,"248":0,"249":0,"250":0,"251":0,"252":0,"253":0,"254":0,"255":0,"256":0,"257":0,"258":0,"259":0,"260":0,"261":0,"262":0,"263":0,"264":0,"265":0,"266":0,"267":0,"268":0,"269":0,"270":0,"271":0,"272":0,"273":0,"274":0,"275":0,"276":0,"277":0,"278":0,"279":0,"280":0,"281":0,"282":0,"283":0,"284":0},"f":{"0":0,"1":0,"2":0,"3":0,"4":0,"5":0,"6":0,"7":0,"8":0,"9":0,"10":0,"11":0,"12":0,"13":0,"14":0,"15":0,"16":0,"17":0,"18":0,"19":0,"20":0,"21":0,"22":0,"23":0,"24":0,"25":0,"26":0,"27":0,"28":0,"29":0,"30":0,"31":0,"32":0,"33":0,"34":0,"35":0,"36":0,"37":0,"38":0},"b":{"0":[0,0],"1":[0,0],"2":[0,0],"3":[0,0],"4":[0,0],"5":[0,0],"6":[0,0,0],"7":[0,0],"8":[0,0,0],"9":[0,0],"10":[0,0],"11":[0,0],"12":[0,0],"13":[0,0],"14":[0,0],"15":[0,0],"16":[0,0,0],"17":[0,0],"18":[0,0],"19":[0,0],"20":[0,0],"21":[0,0],"22":[0,0],"23":[0,0],"24":[0,0],"25":[0,0],"26":[0,0],"27":[0,0],"28":[0,0],"29":[0,0],"30":[0,0],"31":[0,0],"32":[0,0],"33":[0,0],"34":[0,0],"35":[0,0],"36":[0,0],"37":[0,0],"38":[0,0],"39":[0,0],"40":[0,0],"41":[0,0],"42":[0,0],"43":[0,0],"44":[0,0],"45":[0,0],"46":[0,0],"47":[0],"48":[0,0],"49":[0,0],"50":[0,0],"51":[0,0],"52":[0,0],"53":[0,0],"54":[0,0],"55":[0,0]}}
,"/home/rafreid/AFLUXSYS/products/GSDv/src/main/preload.js": {"path":"/home/rafreid/AFLUXSYS/products/GSDv/src/main/preload.js","statementMap":{"0":{"start":{"line":1,"column":39},"end":{"line":1,"column":58}},"1":{"start":{"line":3,"column":0},"end":{"line":23,"column":3}},"2":{"start":{"line":4,"column":22},"end":{"line":4,"column":57}},"3":{"start":{"line":5,"column":34},"end":{"line":5,"column":83}},"4":{"start":{"line":6,"column":39},"end":{"line":6,"column":93}},"5":{"start":{"line":7,"column":36},"end":{"line":7,"column":87}},"6":{"start":{"line":8,"column":33},"end":{"line":8,"column":81}},"7":{"start":{"line":9,"column":26},"end":{"line":9,"column":67}},"8":{"start":{"line":10,"column":33},"end":{"line":10,"column":82}},"9":{"start":{"line":11,"column":30},"end":{"line":11,"column":76}},"10":{"start":{"line":12,"column":34},"end":{"line":12,"column":83}},"11":{"start":{"line":13,"column":22},"end":{"line":13,"column":57}},"12":{"start":{"line":14,"column":32},"end":{"line":14,"column":96}},"13":{"start":{"line":14,"column":81},"end":{"line":14,"column":95}},"14":{"start":{"line":15,"column":35},"end":{"line":15,"column":102}},"15":{"start":{"line":15,"column":87},"end":{"line":15,"column":101}},"16":{"start":{"line":16,"column":27},"end":{"line":16,"column":68}},"17":{"start":{"line":17,"column":37},"end":{"line":17,"column":90}},"18":{"start":{"line":18,"column":33},"end":{"line":18,"column":82}},"19":{"start":{"line":19,"column":33},"end":{"line":19,"column":82}},"20":{"start":{"line":20,"column":41},"end":{"line":20,"column":98}},"21":{"start":{"line":21,"column":41},"end":{"line":21,"column":98}},"22":{"start":{"line":22,"column":25},"end":{"line":22,"column":65}}},"fnMap":{"0":{"name":"(anonymous_0)","decl":{"start":{"line":4,"column":16},"end":{"line":4,"column":17}},"loc":{"start":{"line":4,"column":22},"end":{"line":4,"column":57}},"line":4},"1":{"name":"(anonymous_1)","decl":{"start":{"line":5,"column":16},"end":{"line":5,"column":17}},"loc":{"start":{"line":5,"column":34},"end":{"line":5,"column":83}},"line":5},"2":{"name":"(anonymous_2)","decl":{"start":{"line":6,"column":21},"end":{"line":6,"column":22}},"loc":{"start":{"line":6,"column":39},"end":{"line":6,"column":93}},"line":6},"3":{"name":"(anonymous_3)","decl":{"start":{"line":7,"column":18},"end":{"line":7,"column":19}},"loc":{"start":{"line":7,"column":36},"end":{"line":7,"column":87}},"line":7},"4":{"name":"(anonymous_4)","decl":{"start":{"line":8,"column":16},"end":{"line":8,"column":17}},"loc":{"start":{"line":8,"column":33},"end":{"line":8,"column":81}},"line":8},"5":{"name":"(anonymous_5)","decl":{"start":{"line":9,"column":12},"end":{"line":9,"column":13}},"loc":{"start":{"line":9,"column":26},"end":{"line":9,"column":67}},"line":9},"6":{"name":"(anonymous_6)","decl":{"start":{"line":10,"column":19},"end":{"line":10,"column":20}},"loc":{"start":{"line":10,"column":33},"end":{"line":10,"column":82}},"line":10},"7":{"name":"(anonymous_7)","decl":{"start":{"line":11,"column":16},"end":{"line":11,"column":17}},"loc":{"start":{"line":11,"column":30},"end":{"line":11,"column":76}},"line":11},"8":{"name":"(anonymous_8)","decl":{"start":{"line":12,"column":17},"end":{"line":12,"column":18}},"loc":{"start":{"line":12,"column":34},"end":{"line":12,"column":83}},"line":12},"9":{"name":"(anonymous_9)","decl":{"start":{"line":13,"column":16},"end":{"line":13,"column":17}},"loc":{"start":{"line":13,"column":22},"end":{"line":13,"column":57}},"line":13},"10":{"name":"(anonymous_10)","decl":{"start":{"line":14,"column":18},"end":{"line":14,"column":19}},"loc":{"start":{"line":14,"column":32},"end":{"line":14,"column":96}},"line":14},"11":{"name":"(anonymous_11)","decl":{"start":{"line":14,"column":64},"end":{"line":14,"column":65}},"loc":{"start":{"line":14,"column":81},"end":{"line":14,"column":95}},"line":14},"12":{"name":"(anonymous_12)","decl":{"start":{"line":15,"column":21},"end":{"line":15,"column":22}},"loc":{"start":{"line":15,"column":35},"end":{"line":15,"column":102}},"line":15},"13":{"name":"(anonymous_13)","decl":{"start":{"line":15,"column":70},"end":{"line":15,"column":71}},"loc":{"start":{"line":15,"column":87},"end":{"line":15,"column":101}},"line":15},"14":{"name":"(anonymous_14)","decl":{"start":{"line":16,"column":21},"end":{"line":16,"column":22}},"loc":{"start":{"line":16,"column":27},"end":{"line":16,"column":68}},"line":16},"15":{"name":"(anonymous_15)","decl":{"start":{"line":17,"column":20},"end":{"line":17,"column":21}},"loc":{"start":{"line":17,"column":37},"end":{"line":17,"column":90}},"line":17},"16":{"name":"(anonymous_16)","decl":{"start":{"line":18,"column":16},"end":{"line":18,"column":17}},"loc":{"start":{"line":18,"column":33},"end":{"line":18,"column":82}},"line":18},"17":{"name":"(anonymous_17)","decl":{"start":{"line":19,"column":16},"end":{"line":19,"column":17}},"loc":{"start":{"line":19,"column":33},"end":{"line":19,"column":82}},"line":19},"18":{"name":"(anonymous_18)","decl":{"start":{"line":20,"column":17},"end":{"line":20,"column":18}},"loc":{"start":{"line":20,"column":41},"end":{"line":20,"column":98}},"line":20},"19":{"name":"(anonymous_19)","decl":{"start":{"line":21,"column":14},"end":{"line":21,"column":15}},"loc":{"start":{"line":21,"column":41},"end":{"line":21,"column":98}},"line":21},"20":{"name":"(anonymous_20)","decl":{"start":{"line":22,"column":16},"end":{"line":22,"column":17}},"loc":{"start":{"line":22,"column":25},"end":{"line":22,"column":65}},"line":22}},"branchMap":{},"s":{"0":0,"1":0,"2":0,"3":0,"4":0,"5":0,"6":0,"7":0,"8":0,"9":0,"10":0,"11":0,"12":0,"13":0,"14":0,"15":0,"16":0,"17":0,"18":0,"19":0,"20":0,"21":0,"22":0},"f":{"0":0,"1":0,"2":0,"3":0,"4":0,"5":0,"6":0,"7":0,"8":0,"9":0,"10":0,"11":0,"12":0,"13":0,"14":0,"15":0,"16":0,"17":0,"18":0,"19":0,"20":0},"b":{}}
,"/home/rafreid/AFLUXSYS/products/GSDv/src/main/parsers/directory-parser.js": {"path":"/home/rafreid/AFLUXSYS/products/GSDv/src/main/parsers/directory-parser.js","statementMap":{"0":{"start":{"line":1,"column":11},"end":{"line":1,"column":24}},"1":{"start":{"line":2,"column":13},"end":{"line":2,"column":28}},"2":{"start":{"line":7,"column":36},"end":{"line":19,"column":1}},"3":{"start":{"line":28,"column":22},"end":{"line":28,"column":48}},"4":{"start":{"line":29,"column":19},"end":{"line":29,"column":21}},"5":{"start":{"line":30,"column":21},"end":{"line":30,"column":23}},"6":{"start":{"line":33,"column":19},"end":{"line":40,"column":3}},"7":{"start":{"line":42,"column":2},"end":{"line":56,"column":3}},"8":{"start":{"line":43,"column":63},"end":{"line":43,"column":69}},"9":{"start":{"line":46,"column":4},"end":{"line":49,"column":5}},"10":{"start":{"line":47,"column":6},"end":{"line":47,"column":84}},"11":{"start":{"line":48,"column":6},"end":{"line":48,"column":15}},"12":{"start":{"line":51,"column":19},"end":{"line":51,"column":80}},"13":{"start":{"line":52,"column":4},"end":{"line":55,"column":5}},"14":{"start":{"line":53,"column":6},"end":{"line":53,"column":35}},"15":{"start":{"line":54,"column":6},"end":{"line":54,"column":37}},"16":{"start":{"line":58,"column":2},"end":{"line":58,"column":33}},"17":{"start":{"line":61,"column":20},"end":{"line":61,"column":41}},"18":{"start":{"line":63,"column":2},"end":{"line":68,"column":4}},"19":{"start":{"line":79,"column":16},"end":{"line":79,"column":18}},"20":{"start":{"line":80,"column":18},"end":{"line":80,"column":40}},"21":{"start":{"line":81,"column":19},"end":{"line":81,"column":29}},"22":{"start":{"line":84,"column":4},"end":{"line":87,"column":7}},"23":{"start":{"line":86,"column":6},"end":{"line":86,"column":58}},"24":{"start":{"line":91,"column":20},"end":{"line":91,"column":72}},"25":{"start":{"line":92,"column":21},"end":{"line":92,"column":23}},"26":{"start":{"line":94,"column":4},"end":{"line":125,"column":5}},"27":{"start":{"line":96,"column":6},"end":{"line":98,"column":7}},"28":{"start":{"line":97,"column":8},"end":{"line":97,"column":17}},"29":{"start":{"line":100,"column":23},"end":{"line":100,"column":57}},"30":{"start":{"line":101,"column":22},"end":{"line":101,"column":85}},"31":{"start":{"line":103,"column":6},"end":{"line":124,"column":7}},"32":{"start":{"line":104,"column":24},"end":{"line":111,"column":9}},"33":{"start":{"line":112,"column":8},"end":{"line":112,"column":31}},"34":{"start":{"line":113,"column":13},"end":{"line":124,"column":7}},"35":{"start":{"line":114,"column":25},"end":{"line":121,"column":9}},"36":{"start":{"line":122,"column":8},"end":{"line":122,"column":32}},"37":{"start":{"line":123,"column":8},"end":{"line":123,"column":29}},"38":{"start":{"line":127,"column":4},"end":{"line":127,"column":20}},"39":{"start":{"line":130,"column":15},"end":{"line":137,"column":3}},"40":{"start":{"line":139,"column":2},"end":{"line":139,"column":25}},"41":{"start":{"line":148,"column":2},"end":{"line":150,"column":3}},"42":{"start":{"line":149,"column":4},"end":{"line":149,"column":67}},"43":{"start":{"line":153,"column":17},"end":{"line":153,"column":71}},"44":{"start":{"line":158,"column":20},"end":{"line":158,"column":31}},"45":{"start":{"line":160,"column":4},"end":{"line":160,"column":54}},"46":{"start":{"line":161,"column":4},"end":{"line":163,"column":5}},"47":{"start":{"line":162,"column":6},"end":{"line":162,"column":59}},"48":{"start":{"line":164,"column":4},"end":{"line":164,"column":19}},"49":{"start":{"line":167,"column":29},"end":{"line":167,"column":53}},"50":{"start":{"line":169,"column":2},"end":{"line":169,"column":41}},"51":{"start":{"line":170,"column":2},"end":{"line":170,"column":40}},"52":{"start":{"line":172,"column":16},"end":{"line":175,"column":5}},"53":{"start":{"line":172,"column":39},"end":{"line":175,"column":3}},"54":{"start":{"line":177,"column":2},"end":{"line":177,"column":45}},"55":{"start":{"line":186,"column":16},"end":{"line":186,"column":18}},"56":{"start":{"line":187,"column":16},"end":{"line":187,"column":18}},"57":{"start":{"line":190,"column":4},"end":{"line":197,"column":7}},"58":{"start":{"line":199,"column":4},"end":{"line":205,"column":5}},"59":{"start":{"line":200,"column":6},"end":{"line":204,"column":9}},"60":{"start":{"line":207,"column":4},"end":{"line":211,"column":5}},"61":{"start":{"line":208,"column":6},"end":{"line":210,"column":7}},"62":{"start":{"line":209,"column":8},"end":{"line":209,"column":33}},"63":{"start":{"line":214,"column":2},"end":{"line":216,"column":3}},"64":{"start":{"line":215,"column":4},"end":{"line":215,"column":19}},"65":{"start":{"line":218,"column":2},"end":{"line":218,"column":26}},"66":{"start":{"line":221,"column":0},"end":{"line":221,"column":122}}},"fnMap":{"0":{"name":"parseDirectories","decl":{"start":{"line":27,"column":9},"end":{"line":27,"column":25}},"loc":{"start":{"line":27,"column":48},"end":{"line":69,"column":1}},"line":27},"1":{"name":"parseDirectoryWithSource","decl":{"start":{"line":78,"column":9},"end":{"line":78,"column":33}},"loc":{"start":{"line":78,"column":76},"end":{"line":140,"column":1}},"line":78},"2":{"name":"shouldIgnore","decl":{"start":{"line":83,"column":11},"end":{"line":83,"column":23}},"loc":{"start":{"line":83,"column":30},"end":{"line":88,"column":3}},"line":83},"3":{"name":"(anonymous_3)","decl":{"start":{"line":84,"column":31},"end":{"line":84,"column":32}},"loc":{"start":{"line":84,"column":42},"end":{"line":87,"column":5}},"line":84},"4":{"name":"walkDir","decl":{"start":{"line":90,"column":11},"end":{"line":90,"column":18}},"loc":{"start":{"line":90,"column":51},"end":{"line":128,"column":3}},"line":90},"5":{"name":"parseDirectory","decl":{"start":{"line":147,"column":9},"end":{"line":147,"column":23}},"loc":{"start":{"line":147,"column":38},"end":{"line":178,"column":1}},"line":147},"6":{"name":"stripPrefix","decl":{"start":{"line":157,"column":11},"end":{"line":157,"column":22}},"loc":{"start":{"line":157,"column":29},"end":{"line":165,"column":3}},"line":157},"7":{"name":"(anonymous_7)","decl":{"start":{"line":172,"column":33},"end":{"line":172,"column":34}},"loc":{"start":{"line":172,"column":39},"end":{"line":175,"column":3}},"line":172},"8":{"name":"flattenTree","decl":{"start":{"line":185,"column":9},"end":{"line":185,"column":20}},"loc":{"start":{"line":185,"column":27},"end":{"line":219,"column":1}},"line":185},"9":{"name":"traverse","decl":{"start":{"line":189,"column":11},"end":{"line":189,"column":19}},"loc":{"start":{"line":189,"column":43},"end":{"line":212,"column":3}},"line":189}},"branchMap":{"0":{"loc":{"start":{"line":43,"column":39},"end":{"line":43,"column":58}},"type":"default-arg","locations":[{"start":{"line":43,"column":56},"end":{"line":43,"column":58}}],"line":43},"1":{"loc":{"start":{"line":46,"column":4},"end":{"line":49,"column":5}},"type":"if","locations":[{"start":{"line":46,"column":4},"end":{"line":49,"column":5}},{"start":{},"end":{}}],"line":46},"2":{"loc":{"start":{"line":52,"column":4},"end":{"line":55,"column":5}},"type":"if","locations":[{"start":{"line":52,"column":4},"end":{"line":55,"column":5}},{"start":{},"end":{}}],"line":52},"3":{"loc":{"start":{"line":78,"column":55},"end":{"line":78,"column":74}},"type":"default-arg","locations":[{"start":{"line":78,"column":72},"end":{"line":78,"column":74}}],"line":78},"4":{"loc":{"start":{"line":86,"column":13},"end":{"line":86,"column":57}},"type":"binary-expr","locations":[{"start":{"line":86,"column":13},"end":{"line":86,"column":29}},{"start":{"line":86,"column":33},"end":{"line":86,"column":57}}],"line":86},"5":{"loc":{"start":{"line":90,"column":32},"end":{"line":90,"column":49}},"type":"default-arg","locations":[{"start":{"line":90,"column":47},"end":{"line":90,"column":49}}],"line":90},"6":{"loc":{"start":{"line":96,"column":6},"end":{"line":98,"column":7}},"type":"if","locations":[{"start":{"line":96,"column":6},"end":{"line":98,"column":7}},{"start":{},"end":{}}],"line":96},"7":{"loc":{"start":{"line":101,"column":22},"end":{"line":101,"column":85}},"type":"cond-expr","locations":[{"start":{"line":101,"column":37},"end":{"line":101,"column":72}},{"start":{"line":101,"column":75},"end":{"line":101,"column":85}}],"line":101},"8":{"loc":{"start":{"line":103,"column":6},"end":{"line":124,"column":7}},"type":"if","locations":[{"start":{"line":103,"column":6},"end":{"line":124,"column":7}},{"start":{"line":113,"column":13},"end":{"line":124,"column":7}}],"line":103},"9":{"loc":{"start":{"line":113,"column":13},"end":{"line":124,"column":7}},"type":"if","locations":[{"start":{"line":113,"column":13},"end":{"line":124,"column":7}},{"start":{},"end":{}}],"line":113},"10":{"loc":{"start":{"line":148,"column":2},"end":{"line":150,"column":3}},"type":"if","locations":[{"start":{"line":148,"column":2},"end":{"line":150,"column":3}},{"start":{},"end":{}}],"line":148},"11":{"loc":{"start":{"line":161,"column":4},"end":{"line":163,"column":5}},"type":"if","locations":[{"start":{"line":161,"column":4},"end":{"line":163,"column":5}},{"start":{},"end":{}}],"line":161},"12":{"loc":{"start":{"line":189,"column":26},"end":{"line":189,"column":41}},"type":"default-arg","locations":[{"start":{"line":189,"column":37},"end":{"line":189,"column":41}}],"line":189},"13":{"loc":{"start":{"line":195,"column":17},"end":{"line":195,"column":39}},"type":"binary-expr","locations":[{"start":{"line":195,"column":17},"end":{"line":195,"column":31}},{"start":{"line":195,"column":35},"end":{"line":195,"column":39}}],"line":195},"14":{"loc":{"start":{"line":196,"column":18},"end":{"line":196,"column":41}},"type":"binary-expr","locations":[{"start":{"line":196,"column":18},"end":{"line":196,"column":33}},{"start":{"line":196,"column":37},"end":{"line":196,"column":41}}],"line":196},"15":{"loc":{"start":{"line":199,"column":4},"end":{"line":205,"column":5}},"type":"if","locations":[{"start":{"line":199,"column":4},"end":{"line":205,"column":5}},{"start":{},"end":{}}],"line":199},"16":{"loc":{"start":{"line":207,"column":4},"end":{"line":211,"column":5}},"type":"if","locations":[{"start":{"line":207,"column":4},"end":{"line":211,"column":5}},{"start":{},"end":{}}],"line":207},"17":{"loc":{"start":{"line":214,"column":2},"end":{"line":216,"column":3}},"type":"if","locations":[{"start":{"line":214,"column":2},"end":{"line":216,"column":3}},{"start":{},"end":{}}],"line":214}},"s":{"0":1,"1":1,"2":1,"3":3,"4":3,"5":3,"6":3,"7":3,"8":6,"9":6,"10":1,"11":1,"12":5,"13":5,"14":5,"15":5,"16":3,"17":3,"18":3,"19":9,"20":9,"21":9,"22":13,"23":23,"24":11,"25":11,"26":11,"27":13,"28":1,"29":12,"30":12,"31":12,"32":2,"33":2,"34":10,"35":10,"36":10,"37":10,"38":11,"39":9,"40":9,"41":2,"42":1,"43":1,"44":2,"45":2,"46":2,"47":1,"48":2,"49":1,"50":1,"51":1,"52":1,"53":1,"54":1,"55":6,"56":6,"57":16,"58":16,"59":11,"60":16,"61":11,"62":11,"63":6,"64":5,"65":6,"66":1},"f":{"0":3,"1":9,"2":13,"3":23,"4":11,"5":2,"6":2,"7":1,"8":6,"9":16},"b":{"0":[0],"1":[1,5],"2":[5,0],"3":[0],"4":[23,22],"5":[9],"6":[1,12],"7":[2,10],"8":[2,10],"9":[10,0],"10":[1,1],"11":[1,1],"12":[5],"13":[16,11],"14":[16,3],"15":[11,5],"16":[11,5],"17":[5,1]},"_coverageSchema":"1a1c01bbd47fc00a2c39e90264f33305004495a9","hash":"ffa9da55e7ef2242d6cc1c4ffc6abbde3d6f888c"}
,"/home/rafreid/AFLUXSYS/products/GSDv/src/main/parsers/requirements-parser.js": {"path":"/home/rafreid/AFLUXSYS/products/GSDv/src/main/parsers/requirements-parser.js","statementMap":{"0":{"start":{"line":1,"column":11},"end":{"line":1,"column":24}},"1":{"start":{"line":2,"column":13},"end":{"line":2,"column":28}},"2":{"start":{"line":10,"column":18},"end":{"line":10,"column":60}},"3":{"start":{"line":12,"column":2},"end":{"line":14,"column":3}},"4":{"start":{"line":13,"column":4},"end":{"line":13,"column":86}},"5":{"start":{"line":16,"column":18},"end":{"line":16,"column":51}},"6":{"start":{"line":17,"column":23},"end":{"line":17,"column":25}},"7":{"start":{"line":18,"column":23},"end":{"line":18,"column":25}},"8":{"start":{"line":23,"column":19},"end":{"line":23,"column":67}},"9":{"start":{"line":26,"column":2},"end":{"line":41,"column":3}},"10":{"start":{"line":27,"column":23},"end":{"line":27,"column":39}},"11":{"start":{"line":28,"column":18},"end":{"line":28,"column":26}},"12":{"start":{"line":29,"column":24},"end":{"line":29,"column":39}},"13":{"start":{"line":32,"column":21},"end":{"line":32,"column":40}},"14":{"start":{"line":34,"column":4},"end":{"line":40,"column":7}},"15":{"start":{"line":45,"column":21},"end":{"line":45,"column":67}},"16":{"start":{"line":47,"column":2},"end":{"line":51,"column":3}},"17":{"start":{"line":48,"column":18},"end":{"line":48,"column":26}},"18":{"start":{"line":49,"column":21},"end":{"line":49,"column":43}},"19":{"start":{"line":50,"column":4},"end":{"line":50,"column":35}},"20":{"start":{"line":53,"column":2},"end":{"line":53,"column":40}},"21":{"start":{"line":56,"column":0},"end":{"line":56,"column":39}}},"fnMap":{"0":{"name":"parseRequirements","decl":{"start":{"line":9,"column":9},"end":{"line":9,"column":26}},"loc":{"start":{"line":9,"column":41},"end":{"line":54,"column":1}},"line":9}},"branchMap":{"0":{"loc":{"start":{"line":12,"column":2},"end":{"line":14,"column":3}},"type":"if","locations":[{"start":{"line":12,"column":2},"end":{"line":14,"column":3}},{"start":{},"end":{}}],"line":12},"1":{"loc":{"start":{"line":39,"column":14},"end":{"line":39,"column":49}},"type":"cond-expr","locations":[{"start":{"line":39,"column":27},"end":{"line":39,"column":37}},{"start":{"line":39,"column":40},"end":{"line":39,"column":49}}],"line":39}},"s":{"0":1,"1":1,"2":7,"3":7,"4":1,"5":6,"6":6,"7":6,"8":6,"9":6,"10":42,"11":42,"12":42,"13":42,"14":42,"15":6,"16":6,"17":42,"18":42,"19":42,"20":6,"21":1},"f":{"0":7},"b":{"0":[1,6],"1":[24,18]},"_coverageSchema":"1a1c01bbd47fc00a2c39e90264f33305004495a9","hash":"159914a96e549ae3db7f1c3dec691f08a2452ff0"}
,"/home/rafreid/AFLUXSYS/products/GSDv/src/main/parsers/roadmap-parser.js": {"path":"/home/rafreid/AFLUXSYS/products/GSDv/src/main/parsers/roadmap-parser.js","statementMap":{"0":{"start":{"line":1,"column":11},"end":{"line":1,"column":24}},"1":{"start":{"line":2,"column":13},"end":{"line":2,"column":28}},"2":{"start":{"line":10,"column":22},"end":{"line":10,"column":59}},"3":{"start":{"line":12,"column":2},"end":{"line":14,"column":3}},"4":{"start":{"line":13,"column":4},"end":{"line":13,"column":57}},"5":{"start":{"line":16,"column":18},"end":{"line":16,"column":55}},"6":{"start":{"line":17,"column":17},"end":{"line":17,"column":19}},"7":{"start":{"line":22,"column":27},"end":{"line":22,"column":81}},"8":{"start":{"line":23,"column":24},"end":{"line":23,"column":26}},"9":{"start":{"line":26,"column":2},"end":{"line":30,"column":3}},"10":{"start":{"line":27,"column":23},"end":{"line":27,"column":39}},"11":{"start":{"line":28,"column":21},"end":{"line":28,"column":29}},"12":{"start":{"line":29,"column":4},"end":{"line":29,"column":66}},"13":{"start":{"line":33,"column":27},"end":{"line":33,"column":98}},"14":{"start":{"line":35,"column":2},"end":{"line":85,"column":3}},"15":{"start":{"line":36,"column":24},"end":{"line":36,"column":32}},"16":{"start":{"line":37,"column":22},"end":{"line":37,"column":37}},"17":{"start":{"line":38,"column":25},"end":{"line":38,"column":33}},"18":{"start":{"line":41,"column":22},"end":{"line":41,"column":68}},"19":{"start":{"line":42,"column":17},"end":{"line":42,"column":53}},"20":{"start":{"line":47,"column":18},"end":{"line":47,"column":20}},"21":{"start":{"line":48,"column":22},"end":{"line":48,"column":71}},"22":{"start":{"line":51,"column":4},"end":{"line":67,"column":5}},"23":{"start":{"line":52,"column":25},"end":{"line":52,"column":45}},"24":{"start":{"line":53,"column":23},"end":{"line":53,"column":35}},"25":{"start":{"line":54,"column":26},"end":{"line":54,"column":65}},"26":{"start":{"line":57,"column":27},"end":{"line":57,"column":54}},"27":{"start":{"line":58,"column":21},"end":{"line":58,"column":82}},"28":{"start":{"line":60,"column":6},"end":{"line":66,"column":9}},"29":{"start":{"line":70,"column":17},"end":{"line":70,"column":56}},"30":{"start":{"line":73,"column":4},"end":{"line":75,"column":5}},"31":{"start":{"line":73,"column":49},"end":{"line":73,"column":72}},"32":{"start":{"line":74,"column":6},"end":{"line":74,"column":29}},"33":{"start":{"line":77,"column":4},"end":{"line":84,"column":7}},"34":{"start":{"line":88,"column":2},"end":{"line":88,"column":45}},"35":{"start":{"line":88,"column":24},"end":{"line":88,"column":43}},"36":{"start":{"line":90,"column":2},"end":{"line":90,"column":20}},"37":{"start":{"line":93,"column":0},"end":{"line":93,"column":34}}},"fnMap":{"0":{"name":"parseRoadmap","decl":{"start":{"line":9,"column":9},"end":{"line":9,"column":21}},"loc":{"start":{"line":9,"column":36},"end":{"line":91,"column":1}},"line":9},"1":{"name":"(anonymous_1)","decl":{"start":{"line":73,"column":44},"end":{"line":73,"column":45}},"loc":{"start":{"line":73,"column":49},"end":{"line":73,"column":72}},"line":73},"2":{"name":"(anonymous_2)","decl":{"start":{"line":88,"column":14},"end":{"line":88,"column":15}},"loc":{"start":{"line":88,"column":24},"end":{"line":88,"column":43}},"line":88}},"branchMap":{"0":{"loc":{"start":{"line":12,"column":2},"end":{"line":14,"column":3}},"type":"if","locations":[{"start":{"line":12,"column":2},"end":{"line":14,"column":3}},{"start":{},"end":{}}],"line":12},"1":{"loc":{"start":{"line":29,"column":30},"end":{"line":29,"column":65}},"type":"cond-expr","locations":[{"start":{"line":29,"column":43},"end":{"line":29,"column":53}},{"start":{"line":29,"column":56},"end":{"line":29,"column":65}}],"line":29},"2":{"loc":{"start":{"line":42,"column":17},"end":{"line":42,"column":53}},"type":"cond-expr","locations":[{"start":{"line":42,"column":29},"end":{"line":42,"column":48}},{"start":{"line":42,"column":51},"end":{"line":42,"column":53}}],"line":42},"3":{"loc":{"start":{"line":54,"column":26},"end":{"line":54,"column":65}},"type":"cond-expr","locations":[{"start":{"line":54,"column":41},"end":{"line":54,"column":60}},{"start":{"line":54,"column":63},"end":{"line":54,"column":65}}],"line":54},"4":{"loc":{"start":{"line":58,"column":21},"end":{"line":58,"column":82}},"type":"cond-expr","locations":[{"start":{"line":58,"column":36},"end":{"line":58,"column":61}},{"start":{"line":58,"column":64},"end":{"line":58,"column":82}}],"line":58},"5":{"loc":{"start":{"line":65,"column":16},"end":{"line":65,"column":51}},"type":"cond-expr","locations":[{"start":{"line":65,"column":29},"end":{"line":65,"column":39}},{"start":{"line":65,"column":42},"end":{"line":65,"column":51}}],"line":65},"6":{"loc":{"start":{"line":70,"column":17},"end":{"line":70,"column":56}},"type":"binary-expr","locations":[{"start":{"line":70,"column":17},"end":{"line":70,"column":43}},{"start":{"line":70,"column":47},"end":{"line":70,"column":56}}],"line":70},"7":{"loc":{"start":{"line":73,"column":4},"end":{"line":75,"column":5}},"type":"if","locations":[{"start":{"line":73,"column":4},"end":{"line":75,"column":5}},{"start":{},"end":{}}],"line":73},"8":{"loc":{"start":{"line":73,"column":8},"end":{"line":73,"column":73}},"type":"binary-expr","locations":[{"start":{"line":73,"column":8},"end":{"line":73,"column":29}},{"start":{"line":73,"column":33},"end":{"line":73,"column":73}}],"line":73}},"s":{"0":1,"1":1,"2":7,"3":7,"4":1,"5":6,"6":6,"7":6,"8":6,"9":6,"10":18,"11":18,"12":18,"13":6,"14":6,"15":18,"16":18,"17":18,"18":18,"19":18,"20":18,"21":18,"22":18,"23":36,"24":36,"25":36,"26":36,"27":36,"28":36,"29":18,"30":18,"31":18,"32":0,"33":18,"34":6,"35":12,"36":6,"37":1},"f":{"0":7,"1":18,"2":12},"b":{"0":[1,6],"1":[6,12],"2":[18,0],"3":[36,0],"4":[36,0],"5":[12,24],"6":[18,0],"7":[0,18],"8":[18,12]},"_coverageSchema":"1a1c01bbd47fc00a2c39e90264f33305004495a9","hash":"03b6fe034016c113717ab0c3dd885ca92eb3e186"}
,"/home/rafreid/AFLUXSYS/products/GSDv/src/main/parsers/state-parser.js": {"path":"/home/rafreid/AFLUXSYS/products/GSDv/src/main/parsers/state-parser.js","statementMap":{"0":{"start":{"line":1,"column":11},"end":{"line":1,"column":24}},"1":{"start":{"line":2,"column":13},"end":{"line":2,"column":28}},"2":{"start":{"line":10,"column":20},"end":{"line":10,"column":55}},"3":{"start":{"line":12,"column":2},"end":{"line":20,"column":3}},"4":{"start":{"line":13,"column":4},"end":{"line":19,"column":6}},"5":{"start":{"line":22,"column":18},"end":{"line":22,"column":53}},"6":{"start":{"line":27,"column":21},"end":{"line":27,"column":25}},"7":{"start":{"line":28,"column":21},"end":{"line":29,"column":69}},"8":{"start":{"line":30,"column":2},"end":{"line":32,"column":3}},"9":{"start":{"line":31,"column":4},"end":{"line":31,"column":47}},"10":{"start":{"line":36,"column":20},"end":{"line":36,"column":24}},"11":{"start":{"line":37,"column":20},"end":{"line":37,"column":62}},"12":{"start":{"line":38,"column":2},"end":{"line":40,"column":3}},"13":{"start":{"line":39,"column":4},"end":{"line":39,"column":45}},"14":{"start":{"line":44,"column":15},"end":{"line":44,"column":24}},"15":{"start":{"line":45,"column":22},"end":{"line":45,"column":58}},"16":{"start":{"line":46,"column":2},"end":{"line":57,"column":3}},"17":{"start":{"line":47,"column":23},"end":{"line":47,"column":58}},"18":{"start":{"line":48,"column":4},"end":{"line":56,"column":5}},"19":{"start":{"line":49,"column":6},"end":{"line":49,"column":26}},"20":{"start":{"line":50,"column":11},"end":{"line":56,"column":5}},"21":{"start":{"line":51,"column":6},"end":{"line":51,"column":29}},"22":{"start":{"line":52,"column":11},"end":{"line":56,"column":5}},"23":{"start":{"line":53,"column":6},"end":{"line":53,"column":25}},"24":{"start":{"line":54,"column":11},"end":{"line":56,"column":5}},"25":{"start":{"line":55,"column":6},"end":{"line":55,"column":25}},"26":{"start":{"line":60,"column":19},"end":{"line":60,"column":21}},"27":{"start":{"line":61,"column":24},"end":{"line":61,"column":100}},"28":{"start":{"line":62,"column":2},"end":{"line":77,"column":3}},"29":{"start":{"line":63,"column":28},"end":{"line":63,"column":44}},"30":{"start":{"line":65,"column":25},"end":{"line":65,"column":66}},"31":{"start":{"line":66,"column":4},"end":{"line":76,"column":5}},"32":{"start":{"line":67,"column":6},"end":{"line":75,"column":7}},"33":{"start":{"line":68,"column":28},"end":{"line":68,"column":63}},"34":{"start":{"line":69,"column":8},"end":{"line":74,"column":9}},"35":{"start":{"line":70,"column":10},"end":{"line":73,"column":13}},"36":{"start":{"line":80,"column":21},"end":{"line":80,"column":92}},"37":{"start":{"line":81,"column":2},"end":{"line":101,"column":3}},"38":{"start":{"line":82,"column":25},"end":{"line":82,"column":38}},"39":{"start":{"line":83,"column":22},"end":{"line":83,"column":60}},"40":{"start":{"line":84,"column":4},"end":{"line":100,"column":5}},"41":{"start":{"line":85,"column":6},"end":{"line":99,"column":7}},"42":{"start":{"line":86,"column":25},"end":{"line":86,"column":60}},"43":{"start":{"line":87,"column":8},"end":{"line":98,"column":9}},"44":{"start":{"line":89,"column":10},"end":{"line":97,"column":11}},"45":{"start":{"line":92,"column":12},"end":{"line":96,"column":15}},"46":{"start":{"line":103,"column":2},"end":{"line":108,"column":4}},"47":{"start":{"line":111,"column":0},"end":{"line":111,"column":32}}},"fnMap":{"0":{"name":"parseState","decl":{"start":{"line":9,"column":9},"end":{"line":9,"column":19}},"loc":{"start":{"line":9,"column":34},"end":{"line":109,"column":1}},"line":9}},"branchMap":{"0":{"loc":{"start":{"line":12,"column":2},"end":{"line":20,"column":3}},"type":"if","locations":[{"start":{"line":12,"column":2},"end":{"line":20,"column":3}},{"start":{},"end":{}}],"line":12},"1":{"loc":{"start":{"line":28,"column":21},"end":{"line":29,"column":69}},"type":"binary-expr","locations":[{"start":{"line":28,"column":21},"end":{"line":28,"column":64}},{"start":{"line":29,"column":21},"end":{"line":29,"column":69}}],"line":28},"2":{"loc":{"start":{"line":30,"column":2},"end":{"line":32,"column":3}},"type":"if","locations":[{"start":{"line":30,"column":2},"end":{"line":32,"column":3}},{"start":{},"end":{}}],"line":30},"3":{"loc":{"start":{"line":38,"column":2},"end":{"line":40,"column":3}},"type":"if","locations":[{"start":{"line":38,"column":2},"end":{"line":40,"column":3}},{"start":{},"end":{}}],"line":38},"4":{"loc":{"start":{"line":46,"column":2},"end":{"line":57,"column":3}},"type":"if","locations":[{"start":{"line":46,"column":2},"end":{"line":57,"column":3}},{"start":{},"end":{}}],"line":46},"5":{"loc":{"start":{"line":48,"column":4},"end":{"line":56,"column":5}},"type":"if","locations":[{"start":{"line":48,"column":4},"end":{"line":56,"column":5}},{"start":{"line":50,"column":11},"end":{"line":56,"column":5}}],"line":48},"6":{"loc":{"start":{"line":50,"column":11},"end":{"line":56,"column":5}},"type":"if","locations":[{"start":{"line":50,"column":11},"end":{"line":56,"column":5}},{"start":{"line":52,"column":11},"end":{"line":56,"column":5}}],"line":50},"7":{"loc":{"start":{"line":50,"column":15},"end":{"line":50,"column":82}},"type":"binary-expr","locations":[{"start":{"line":50,"column":15},"end":{"line":50,"column":46}},{"start":{"line":50,"column":50},"end":{"line":50,"column":82}}],"line":50},"8":{"loc":{"start":{"line":52,"column":11},"end":{"line":56,"column":5}},"type":"if","locations":[{"start":{"line":52,"column":11},"end":{"line":56,"column":5}},{"start":{"line":54,"column":11},"end":{"line":56,"column":5}}],"line":52},"9":{"loc":{"start":{"line":54,"column":11},"end":{"line":56,"column":5}},"type":"if","locations":[{"start":{"line":54,"column":11},"end":{"line":56,"column":5}},{"start":{},"end":{}}],"line":54},"10":{"loc":{"start":{"line":62,"column":2},"end":{"line":77,"column":3}},"type":"if","locations":[{"start":{"line":62,"column":2},"end":{"line":77,"column":3}},{"start":{},"end":{}}],"line":62},"11":{"loc":{"start":{"line":66,"column":4},"end":{"line":76,"column":5}},"type":"if","locations":[{"start":{"line":66,"column":4},"end":{"line":76,"column":5}},{"start":{},"end":{}}],"line":66},"12":{"loc":{"start":{"line":69,"column":8},"end":{"line":74,"column":9}},"type":"if","locations":[{"start":{"line":69,"column":8},"end":{"line":74,"column":9}},{"start":{},"end":{}}],"line":69},"13":{"loc":{"start":{"line":69,"column":12},"end":{"line":69,"column":70}},"type":"binary-expr","locations":[{"start":{"line":69,"column":12},"end":{"line":69,"column":23}},{"start":{"line":69,"column":27},"end":{"line":69,"column":70}}],"line":69},"14":{"loc":{"start":{"line":81,"column":2},"end":{"line":101,"column":3}},"type":"if","locations":[{"start":{"line":81,"column":2},"end":{"line":101,"column":3}},{"start":{},"end":{}}],"line":81},"15":{"loc":{"start":{"line":84,"column":4},"end":{"line":100,"column":5}},"type":"if","locations":[{"start":{"line":84,"column":4},"end":{"line":100,"column":5}},{"start":{},"end":{}}],"line":84},"16":{"loc":{"start":{"line":87,"column":8},"end":{"line":98,"column":9}},"type":"if","locations":[{"start":{"line":87,"column":8},"end":{"line":98,"column":9}},{"start":{},"end":{}}],"line":87},"17":{"loc":{"start":{"line":87,"column":12},"end":{"line":87,"column":64}},"type":"binary-expr","locations":[{"start":{"line":87,"column":12},"end":{"line":87,"column":20}},{"start":{"line":87,"column":24},"end":{"line":87,"column":64}}],"line":87},"18":{"loc":{"start":{"line":89,"column":10},"end":{"line":97,"column":11}},"type":"if","locations":[{"start":{"line":89,"column":10},"end":{"line":97,"column":11}},{"start":{},"end":{}}],"line":89},"19":{"loc":{"start":{"line":89,"column":14},"end":{"line":91,"column":55}},"type":"binary-expr","locations":[{"start":{"line":89,"column":14},"end":{"line":89,"column":54}},{"start":{"line":90,"column":14},"end":{"line":90,"column":53}},{"start":{"line":91,"column":14},"end":{"line":91,"column":55}}],"line":89}},"s":{"0":1,"1":1,"2":8,"3":8,"4":1,"5":7,"6":7,"7":7,"8":7,"9":7,"10":7,"11":7,"12":7,"13":7,"14":7,"15":7,"16":7,"17":7,"18":7,"19":0,"20":7,"21":7,"22":0,"23":0,"24":0,"25":0,"26":7,"27":7,"28":7,"29":7,"30":7,"31":7,"32":7,"33":14,"34":14,"35":14,"36":7,"37":7,"38":0,"39":0,"40":0,"41":0,"42":0,"43":0,"44":0,"45":0,"46":7,"47":1},"f":{"0":8},"b":{"0":[1,7],"1":[7,0],"2":[7,0],"3":[7,0],"4":[7,0],"5":[0,7],"6":[7,0],"7":[7,0],"8":[0,0],"9":[0,0],"10":[7,0],"11":[7,0],"12":[14,0],"13":[14,14],"14":[0,7],"15":[0,0],"16":[0,0],"17":[0,0],"18":[0,0],"19":[0,0,0]},"_coverageSchema":"1a1c01bbd47fc00a2c39e90264f33305004495a9","hash":"f74aa6fba742e89c783e91597478938d8927b44a"}
}
