TN:
SF:src/main/graph-builder.js
FN:11,buildGraph
FN:17,addNode
FN:26,addLink
FNF:3
FNH:3
FNDA:16,buildGraph
FNDA:40,addNode
FNDA:21,addLink
DA:12,16
DA:13,16
DA:14,16
DA:18,40
DA:19,40
DA:20,40
DA:22,40
DA:27,21
DA:31,16
DA:38,16
DA:39,16
DA:40,15
DA:41,9
DA:50,9
DA:53,9
DA:54,9
DA:55,3
DA:65,3
DA:72,16
DA:73,16
DA:74,15
DA:75,6
DA:85,6
DA:86,4
DA:87,4
DA:88,4
DA:89,3
DA:96,16
DA:97,16
DA:99,15
DA:101,6
DA:102,6
DA:113,15
DA:114,2
DA:118,15
DA:119,4
DA:123,16
DA:126,1
LF:38
LH:38
BRDA:18,0,0,40
BRDA:18,0,1,0
BRDA:26,1,0,0
BRDA:39,2,0,15
BRDA:39,2,1,1
BRDA:39,3,0,16
BRDA:39,3,1,15
BRDA:53,4,0,9
BRDA:53,4,1,0
BRDA:73,5,0,15
BRDA:73,5,1,1
BRDA:73,6,0,16
BRDA:73,6,1,15
BRDA:85,7,0,4
BRDA:85,7,1,2
BRDA:85,8,0,6
BRDA:85,8,1,6
BRDA:88,9,0,3
BRDA:88,9,1,1
BRDA:97,10,0,15
BRDA:97,10,1,1
BRDA:97,11,0,16
BRDA:97,11,1,15
BRDA:101,12,0,4
BRDA:101,12,1,2
BRDA:118,13,0,4
BRDA:118,13,1,11
BRF:27
BRH:24
end_of_record
TN:
SF:src/main/main.js
FN:22,runGitCommand
FN:30,createWindow
FN:55,(anonymous_2)
FN:60,(anonymous_3)
FN:65,(anonymous_4)
FN:72,startWatching
FN:109,(anonymous_6)
FN:122,(anonymous_7)
FN:133,stopWatching
FN:142,startClaudeEventWatcher
FN:161,(anonymous_10)
FN:166,stopClaudeEventWatcher
FN:176,handleClaudeEvent
FN:215,processEventQueue
FN:243,enrichEventWithNodeId
FN:274,(anonymous_15)
FN:278,(anonymous_16)
FN:292,(anonymous_17)
FN:302,(anonymous_18)
FN:312,(anonymous_19)
FN:324,(anonymous_20)
FN:363,(anonymous_21)
FN:397,(anonymous_22)
FN:403,(anonymous_23)
FN:409,(anonymous_24)
FN:414,(anonymous_25)
FN:446,(anonymous_26)
FN:463,(anonymous_27)
FN:466,(anonymous_28)
FN:476,(anonymous_29)
FN:489,(anonymous_30)
FN:522,(anonymous_31)
FN:548,(anonymous_32)
FN:558,(anonymous_33)
FN:559,(anonymous_34)
FN:578,(anonymous_35)
FN:602,(anonymous_36)
FN:616,(anonymous_37)
FN:623,(anonymous_38)
FNF:39
FNH:0
FNDA:0,runGitCommand
FNDA:0,createWindow
FNDA:0,(anonymous_2)
FNDA:0,(anonymous_3)
FNDA:0,(anonymous_4)
FNDA:0,startWatching
FNDA:0,(anonymous_6)
FNDA:0,(anonymous_7)
FNDA:0,stopWatching
FNDA:0,startClaudeEventWatcher
FNDA:0,(anonymous_10)
FNDA:0,stopClaudeEventWatcher
FNDA:0,handleClaudeEvent
FNDA:0,processEventQueue
FNDA:0,enrichEventWithNodeId
FNDA:0,(anonymous_15)
FNDA:0,(anonymous_16)
FNDA:0,(anonymous_17)
FNDA:0,(anonymous_18)
FNDA:0,(anonymous_19)
FNDA:0,(anonymous_20)
FNDA:0,(anonymous_21)
FNDA:0,(anonymous_22)
FNDA:0,(anonymous_23)
FNDA:0,(anonymous_24)
FNDA:0,(anonymous_25)
FNDA:0,(anonymous_26)
FNDA:0,(anonymous_27)
FNDA:0,(anonymous_28)
FNDA:0,(anonymous_29)
FNDA:0,(anonymous_30)
FNDA:0,(anonymous_31)
FNDA:0,(anonymous_32)
FNDA:0,(anonymous_33)
FNDA:0,(anonymous_34)
FNDA:0,(anonymous_35)
FNDA:0,(anonymous_36)
FNDA:0,(anonymous_37)
FNDA:0,(anonymous_38)
DA:1,0
DA:2,0
DA:3,0
DA:4,0
DA:5,0
DA:6,0
DA:7,0
DA:8,0
DA:9,0
DA:10,0
DA:12,0
DA:14,0
DA:15,0
DA:16,0
DA:17,0
DA:18,0
DA:19,0
DA:23,0
DA:24,0
DA:26,0
DA:32,0
DA:37,0
DA:49,0
DA:52,0
DA:55,0
DA:56,0
DA:60,0
DA:61,0
DA:62,0
DA:65,0
DA:66,0
DA:67,0
DA:73,0
DA:75,0
DA:76,0
DA:79,0
DA:80,0
DA:81,0
DA:84,0
DA:85,0
DA:86,0
DA:89,0
DA:91,0
DA:107,0
DA:109,0
DA:111,0
DA:112,0
DA:113,0
DA:114,0
DA:115,0
DA:118,0
DA:121,0
DA:122,0
DA:123,0
DA:124,0
DA:130,0
DA:134,0
DA:135,0
DA:136,0
DA:138,0
DA:143,0
DA:145,0
DA:148,0
DA:149,0
DA:150,0
DA:153,0
DA:155,0
DA:161,0
DA:162,0
DA:167,0
DA:168,0
DA:169,0
DA:171,0
DA:172,0
DA:173,0
DA:177,0
DA:179,0
DA:180,0
DA:183,0
DA:184,0
DA:185,0
DA:186,0
DA:190,0
DA:191,0
DA:192,0
DA:193,0
DA:194,0
DA:196,0
DA:199,0
DA:200,0
DA:201,0
DA:205,0
DA:206,0
DA:209,0
DA:211,0
DA:216,0
DA:218,0
DA:220,0
DA:221,0
DA:224,0
DA:227,0
DA:228,0
DA:229,0
DA:233,0
DA:234,0
DA:236,0
DA:240,0
DA:245,0
DA:246,0
DA:249,0
DA:250,0
DA:252,0
DA:253,0
DA:254,0
DA:255,0
DA:257,0
DA:258,0
DA:263,0
DA:267,0
DA:274,0
DA:278,0
DA:279,0
DA:284,0
DA:285,0
DA:288,0
DA:292,0
DA:293,0
DA:294,0
DA:296,0
DA:297,0
DA:302,0
DA:303,0
DA:304,0
DA:306,0
DA:307,0
DA:312,0
DA:313,0
DA:314,0
DA:315,0
DA:316,0
DA:318,0
DA:319,0
DA:324,0
DA:325,0
DA:326,0
DA:328,0
DA:329,0
DA:332,0
DA:346,0
DA:347,0
DA:349,0
DA:357,0
DA:358,0
DA:363,0
DA:364,0
DA:366,0
DA:367,0
DA:368,0
DA:371,0
DA:372,0
DA:373,0
DA:374,0
DA:375,0
DA:376,0
DA:384,0
DA:385,0
DA:387,0
DA:389,0
DA:391,0
DA:392,0
DA:397,0
DA:398,0
DA:399,0
DA:403,0
DA:404,0
DA:405,0
DA:409,0
DA:410,0
DA:414,0
DA:415,0
DA:416,0
DA:417,0
DA:418,0
DA:422,0
DA:423,0
DA:424,0
DA:432,0
DA:433,0
DA:440,0
DA:441,0
DA:446,0
DA:447,0
DA:448,0
DA:449,0
DA:457,0
DA:458,0
DA:463,0
DA:464,0
DA:466,0
DA:468,0
DA:470,0
DA:471,0
DA:472,0
DA:476,0
DA:477,0
DA:478,0
DA:481,0
DA:482,0
DA:485,0
DA:486,0
DA:487,0
DA:489,0
DA:491,0
DA:494,0
DA:495,0
DA:496,0
DA:499,0
DA:500,0
DA:504,0
DA:505,0
DA:509,0
DA:510,0
DA:514,0
DA:516,0
DA:517,0
DA:522,0
DA:523,0
DA:525,0
DA:528,0
DA:529,0
DA:530,0
DA:531,0
DA:536,0
DA:537,0
DA:540,0
DA:542,0
DA:543,0
DA:548,0
DA:549,0
DA:550,0
DA:553,0
DA:554,0
DA:557,0
DA:558,0
DA:560,0
DA:561,0
DA:562,0
DA:564,0
DA:570,0
DA:572,0
DA:573,0
DA:578,0
DA:579,0
DA:582,0
DA:585,0
DA:587,0
DA:588,0
DA:589,0
DA:591,0
DA:594,0
DA:596,0
DA:597,0
DA:602,0
DA:603,0
DA:604,0
DA:605,0
DA:606,0
DA:608,0
DA:609,0
DA:614,0
DA:616,0
DA:617,0
DA:618,0
DA:623,0
DA:624,0
LF:275
LH:0
BRDA:38,0,0,0
BRDA:38,0,1,0
BRDA:39,1,0,0
BRDA:39,1,1,0
BRDA:80,2,0,0
BRDA:80,2,1,0
BRDA:81,3,0,0
BRDA:81,3,1,0
BRDA:84,4,0,0
BRDA:84,4,1,0
BRDA:112,5,0,0
BRDA:112,5,1,0
BRDA:112,6,0,0
BRDA:112,6,1,0
BRDA:112,6,2,0
BRDA:114,7,0,0
BRDA:114,7,1,0
BRDA:114,8,0,0
BRDA:114,8,1,0
BRDA:114,8,2,0
BRDA:121,9,0,0
BRDA:121,9,1,0
BRDA:123,10,0,0
BRDA:123,10,1,0
BRDA:123,11,0,0
BRDA:123,11,1,0
BRDA:134,12,0,0
BRDA:134,12,1,0
BRDA:148,13,0,0
BRDA:148,13,1,0
BRDA:167,14,0,0
BRDA:167,14,1,0
BRDA:183,15,0,0
BRDA:183,15,1,0
BRDA:183,16,0,0
BRDA:183,16,1,0
BRDA:183,16,2,0
BRDA:191,17,0,0
BRDA:191,17,1,0
BRDA:191,18,0,0
BRDA:191,18,1,0
BRDA:201,19,0,0
BRDA:201,19,1,0
BRDA:216,20,0,0
BRDA:216,20,1,0
BRDA:216,21,0,0
BRDA:216,21,1,0
BRDA:227,22,0,0
BRDA:227,22,1,0
BRDA:227,23,0,0
BRDA:227,23,1,0
BRDA:229,24,0,0
BRDA:229,24,1,0
BRDA:249,25,0,0
BRDA:249,25,1,0
BRDA:249,26,0,0
BRDA:249,26,1,0
BRDA:253,27,0,0
BRDA:253,27,1,0
BRDA:254,28,0,0
BRDA:254,28,1,0
BRDA:254,29,0,0
BRDA:254,29,1,0
BRDA:258,30,0,0
BRDA:258,30,1,0
BRDA:263,31,0,0
BRDA:263,31,1,0
BRDA:284,32,0,0
BRDA:284,32,1,0
BRDA:284,33,0,0
BRDA:284,33,1,0
BRDA:385,34,0,0
BRDA:385,34,1,0
BRDA:417,35,0,0
BRDA:417,35,1,0
BRDA:422,36,0,0
BRDA:422,36,1,0
BRDA:481,37,0,0
BRDA:481,37,1,0
BRDA:499,38,0,0
BRDA:499,38,1,0
BRDA:499,39,0,0
BRDA:499,39,1,0
BRDA:504,40,0,0
BRDA:504,40,1,0
BRDA:509,41,0,0
BRDA:509,41,1,0
BRDA:509,42,0,0
BRDA:509,42,1,0
BRDA:528,43,0,0
BRDA:528,43,1,0
BRDA:528,44,0,0
BRDA:528,44,1,0
BRDA:530,45,0,0
BRDA:530,45,1,0
BRDA:536,46,0,0
BRDA:536,46,1,0
BRDA:548,47,0,0
BRDA:553,48,0,0
BRDA:553,48,1,0
BRDA:553,49,0,0
BRDA:553,49,1,0
BRDA:561,50,0,0
BRDA:561,50,1,0
BRDA:585,51,0,0
BRDA:585,51,1,0
BRDA:585,52,0,0
BRDA:585,52,1,0
BRDA:588,53,0,0
BRDA:588,53,1,0
BRDA:588,54,0,0
BRDA:588,54,1,0
BRDA:617,55,0,0
BRDA:617,55,1,0
BRF:114
BRH:0
end_of_record
TN:
SF:src/main/preload.js
FN:4,(anonymous_0)
FN:5,(anonymous_1)
FN:6,(anonymous_2)
FN:7,(anonymous_3)
FN:8,(anonymous_4)
FN:9,(anonymous_5)
FN:10,(anonymous_6)
FN:11,(anonymous_7)
FN:12,(anonymous_8)
FN:13,(anonymous_9)
FN:14,(anonymous_10)
FN:14,(anonymous_11)
FN:15,(anonymous_12)
FN:15,(anonymous_13)
FN:16,(anonymous_14)
FN:17,(anonymous_15)
FN:18,(anonymous_16)
FN:19,(anonymous_17)
FN:20,(anonymous_18)
FN:21,(anonymous_19)
FN:22,(anonymous_20)
FNF:21
FNH:0
FNDA:0,(anonymous_0)
FNDA:0,(anonymous_1)
FNDA:0,(anonymous_2)
FNDA:0,(anonymous_3)
FNDA:0,(anonymous_4)
FNDA:0,(anonymous_5)
FNDA:0,(anonymous_6)
FNDA:0,(anonymous_7)
FNDA:0,(anonymous_8)
FNDA:0,(anonymous_9)
FNDA:0,(anonymous_10)
FNDA:0,(anonymous_11)
FNDA:0,(anonymous_12)
FNDA:0,(anonymous_13)
FNDA:0,(anonymous_14)
FNDA:0,(anonymous_15)
FNDA:0,(anonymous_16)
FNDA:0,(anonymous_17)
FNDA:0,(anonymous_18)
FNDA:0,(anonymous_19)
FNDA:0,(anonymous_20)
DA:1,0
DA:3,0
DA:4,0
DA:5,0
DA:6,0
DA:7,0
DA:8,0
DA:9,0
DA:10,0
DA:11,0
DA:12,0
DA:13,0
DA:14,0
DA:15,0
DA:16,0
DA:17,0
DA:18,0
DA:19,0
DA:20,0
DA:21,0
DA:22,0
LF:21
LH:0
BRF:0
BRH:0
end_of_record
TN:
SF:src/main/parsers/directory-parser.js
FN:27,parseDirectories
FN:78,parseDirectoryWithSource
FN:83,shouldIgnore
FN:84,(anonymous_3)
FN:90,walkDir
FN:147,parseDirectory
FN:157,stripPrefix
FN:172,(anonymous_7)
FN:185,flattenTree
FN:189,traverse
FNF:10
FNH:10
FNDA:3,parseDirectories
FNDA:9,parseDirectoryWithSource
FNDA:13,shouldIgnore
FNDA:23,(anonymous_3)
FNDA:11,walkDir
FNDA:2,parseDirectory
FNDA:2,stripPrefix
FNDA:1,(anonymous_7)
FNDA:6,flattenTree
FNDA:16,traverse
DA:1,1
DA:2,1
DA:7,1
DA:28,3
DA:29,3
DA:30,3
DA:33,3
DA:42,3
DA:43,6
DA:46,6
DA:47,1
DA:48,1
DA:51,5
DA:52,5
DA:53,5
DA:54,5
DA:58,3
DA:61,3
DA:63,3
DA:79,9
DA:80,9
DA:81,9
DA:84,13
DA:86,23
DA:91,11
DA:92,11
DA:94,11
DA:96,13
DA:97,1
DA:100,12
DA:101,12
DA:103,12
DA:104,2
DA:112,2
DA:113,10
DA:114,10
DA:122,10
DA:123,10
DA:127,11
DA:130,9
DA:139,9
DA:148,2
DA:149,1
DA:153,1
DA:158,2
DA:160,2
DA:161,2
DA:162,1
DA:164,2
DA:167,1
DA:169,1
DA:170,1
DA:172,1
DA:177,1
DA:186,6
DA:187,6
DA:190,16
DA:199,16
DA:200,11
DA:207,16
DA:208,11
DA:209,11
DA:214,6
DA:215,5
DA:218,6
DA:221,1
LF:66
LH:66
BRDA:43,0,0,0
BRDA:46,1,0,1
BRDA:46,1,1,5
BRDA:52,2,0,5
BRDA:52,2,1,0
BRDA:78,3,0,0
BRDA:86,4,0,23
BRDA:86,4,1,22
BRDA:90,5,0,9
BRDA:96,6,0,1
BRDA:96,6,1,12
BRDA:101,7,0,2
BRDA:101,7,1,10
BRDA:103,8,0,2
BRDA:103,8,1,10
BRDA:113,9,0,10
BRDA:113,9,1,0
BRDA:148,10,0,1
BRDA:148,10,1,1
BRDA:161,11,0,1
BRDA:161,11,1,1
BRDA:189,12,0,5
BRDA:195,13,0,16
BRDA:195,13,1,11
BRDA:196,14,0,16
BRDA:196,14,1,3
BRDA:199,15,0,11
BRDA:199,15,1,5
BRDA:207,16,0,11
BRDA:207,16,1,5
BRDA:214,17,0,5
BRDA:214,17,1,1
BRF:32
BRH:28
end_of_record
TN:
SF:src/main/parsers/requirements-parser.js
FN:9,parseRequirements
FNF:1
FNH:1
FNDA:7,parseRequirements
DA:1,1
DA:2,1
DA:10,7
DA:12,7
DA:13,1
DA:16,6
DA:17,6
DA:18,6
DA:23,6
DA:26,6
DA:27,42
DA:28,42
DA:29,42
DA:32,42
DA:34,42
DA:45,6
DA:47,6
DA:48,42
DA:49,42
DA:50,42
DA:53,6
DA:56,1
LF:22
LH:22
BRDA:12,0,0,1
BRDA:12,0,1,6
BRDA:39,1,0,24
BRDA:39,1,1,18
BRF:4
BRH:4
end_of_record
TN:
SF:src/main/parsers/roadmap-parser.js
FN:9,parseRoadmap
FN:73,(anonymous_1)
FN:88,(anonymous_2)
FNF:3
FNH:3
FNDA:7,parseRoadmap
FNDA:18,(anonymous_1)
FNDA:12,(anonymous_2)
DA:1,1
DA:2,1
DA:10,7
DA:12,7
DA:13,1
DA:16,6
DA:17,6
DA:22,6
DA:23,6
DA:26,6
DA:27,18
DA:28,18
DA:29,18
DA:33,6
DA:35,6
DA:36,18
DA:37,18
DA:38,18
DA:41,18
DA:42,18
DA:47,18
DA:48,18
DA:51,18
DA:52,36
DA:53,36
DA:54,36
DA:57,36
DA:58,36
DA:60,36
DA:70,18
DA:73,18
DA:74,0
DA:77,18
DA:88,12
DA:90,6
DA:93,1
LF:36
LH:35
BRDA:12,0,0,1
BRDA:12,0,1,6
BRDA:29,1,0,6
BRDA:29,1,1,12
BRDA:42,2,0,18
BRDA:42,2,1,0
BRDA:54,3,0,36
BRDA:54,3,1,0
BRDA:58,4,0,36
BRDA:58,4,1,0
BRDA:65,5,0,12
BRDA:65,5,1,24
BRDA:70,6,0,18
BRDA:70,6,1,0
BRDA:73,7,0,0
BRDA:73,7,1,18
BRDA:73,8,0,18
BRDA:73,8,1,12
BRF:18
BRH:13
end_of_record
TN:
SF:src/main/parsers/state-parser.js
FN:9,parseState
FNF:1
FNH:1
FNDA:8,parseState
DA:1,1
DA:2,1
DA:10,8
DA:12,8
DA:13,1
DA:22,7
DA:27,7
DA:28,7
DA:30,7
DA:31,7
DA:36,7
DA:37,7
DA:38,7
DA:39,7
DA:44,7
DA:45,7
DA:46,7
DA:47,7
DA:48,7
DA:49,0
DA:50,7
DA:51,7
DA:52,0
DA:53,0
DA:54,0
DA:55,0
DA:60,7
DA:61,7
DA:62,7
DA:63,7
DA:65,7
DA:66,7
DA:67,7
DA:68,14
DA:69,14
DA:70,14
DA:80,7
DA:81,7
DA:82,0
DA:83,0
DA:84,0
DA:85,0
DA:86,0
DA:87,0
DA:89,0
DA:92,0
DA:103,7
DA:111,1
LF:48
LH:35
BRDA:12,0,0,1
BRDA:12,0,1,7
BRDA:28,1,0,7
BRDA:28,1,1,0
BRDA:30,2,0,7
BRDA:30,2,1,0
BRDA:38,3,0,7
BRDA:38,3,1,0
BRDA:46,4,0,7
BRDA:46,4,1,0
BRDA:48,5,0,0
BRDA:48,5,1,7
BRDA:50,6,0,7
BRDA:50,6,1,0
BRDA:50,7,0,7
BRDA:50,7,1,0
BRDA:52,8,0,0
BRDA:52,8,1,0
BRDA:54,9,0,0
BRDA:54,9,1,0
BRDA:62,10,0,7
BRDA:62,10,1,0
BRDA:66,11,0,7
BRDA:66,11,1,0
BRDA:69,12,0,14
BRDA:69,12,1,0
BRDA:69,13,0,14
BRDA:69,13,1,14
BRDA:81,14,0,0
BRDA:81,14,1,7
BRDA:84,15,0,0
BRDA:84,15,1,0
BRDA:87,16,0,0
BRDA:87,16,1,0
BRDA:87,17,0,0
BRDA:87,17,1,0
BRDA:89,18,0,0
BRDA:89,18,1,0
BRDA:89,19,0,0
BRDA:89,19,1,0
BRDA:89,19,2,0
BRF:41
BRH:15
end_of_record
